2019-05-06 17:43:28 [RMI TCP Connection(131)-127.0.0.1] INFO  o.s.b.a.SpringApplicationAdminMXBeanRegistrar$SpringApplicationAdmin - Application shutdown requested.
2019-05-06 17:43:28 [RMI TCP Connection(131)-127.0.0.1] INFO  o.s.s.c.ThreadPoolTaskExecutor - Shutting down ExecutorService 'applicationTaskExecutor'
2019-05-06 17:43:28 [RMI TCP Connection(131)-127.0.0.1] INFO  o.s.o.j.LocalContainerEntityManagerFactoryBean - Closing JPA EntityManagerFactory for persistence unit 'default'
2019-05-06 17:43:28 [RMI TCP Connection(131)-127.0.0.1] INFO  com.zaxxer.hikari.HikariDataSource - HikariPool-1 - Shutdown initiated...
2019-05-06 17:43:28 [HikariPool-1 connection closer] INFO  jdbc.connection - 41. Connection closed
2019-05-06 17:43:28 [HikariPool-1 connection closer] INFO  jdbc.connection - 42. Connection closed
2019-05-06 17:43:28 [HikariPool-1 connection closer] INFO  jdbc.connection - 43. Connection closed
2019-05-06 17:43:28 [HikariPool-1 connection closer] INFO  jdbc.connection - 44. Connection closed
2019-05-06 17:43:28 [HikariPool-1 connection closer] INFO  jdbc.connection - 45. Connection closed
2019-05-06 17:43:28 [HikariPool-1 connection closer] INFO  jdbc.connection - 46. Connection closed
2019-05-06 17:43:28 [HikariPool-1 connection closer] INFO  jdbc.connection - 47. Connection closed
2019-05-06 17:43:28 [HikariPool-1 connection closer] INFO  jdbc.connection - 48. Connection closed
2019-05-06 17:43:28 [HikariPool-1 connection closer] INFO  jdbc.connection - 49. Connection closed
2019-05-06 17:43:28 [HikariPool-1 connection closer] INFO  jdbc.connection - 50. Connection closed
2019-05-06 17:43:28 [RMI TCP Connection(131)-127.0.0.1] INFO  com.zaxxer.hikari.HikariDataSource - HikariPool-1 - Shutdown completed.
2019-05-06 17:43:36 [main] INFO  com.eluo.EluoSpringBootApplication - Starting EluoSpringBootApplication on DESKTOP-84J9D0E with PID 28444 (C:\dev\eclipse\workspace_2018-12\eluo-spring-boot\target\classes started by ELUO in C:\dev\eclipse\workspace_2018-12\eluo-spring-boot)
2019-05-06 17:43:36 [main] DEBUG com.eluo.EluoSpringBootApplication - Running with Spring Boot v2.1.4.RELEASE, Spring v5.1.6.RELEASE
2019-05-06 17:43:36 [main] INFO  com.eluo.EluoSpringBootApplication - The following profiles are active: local
2019-05-06 17:43:37 [main] INFO  o.s.d.r.c.RepositoryConfigurationDelegate - Bootstrapping Spring Data repositories in DEFAULT mode.
2019-05-06 17:43:38 [main] INFO  o.s.d.r.c.RepositoryConfigurationDelegate - Finished Spring Data repository scanning in 145ms. Found 1 repository interfaces.
2019-05-06 17:43:38 [main] INFO  o.s.c.s.PostProcessorRegistrationDelegate$BeanPostProcessorChecker - Bean 'org.springframework.transaction.annotation.ProxyTransactionManagementConfiguration' of type [org.springframework.transaction.annotation.ProxyTransactionManagementConfiguration$$EnhancerBySpringCGLIB$$81c0fb82] is not eligible for getting processed by all BeanPostProcessors (for example: not eligible for auto-proxying)
2019-05-06 17:43:39 [main] INFO  o.s.b.w.e.tomcat.TomcatWebServer - Tomcat initialized with port(s): 8080 (http)
2019-05-06 17:43:39 [main] INFO  o.a.catalina.core.StandardService - Starting service [Tomcat]
2019-05-06 17:43:39 [main] INFO  o.a.catalina.core.StandardEngine - Starting Servlet engine: [Apache Tomcat/9.0.17]
2019-05-06 17:43:39 [main] INFO  o.a.c.c.C.[Tomcat].[localhost].[/] - Initializing Spring embedded WebApplicationContext
2019-05-06 17:43:39 [main] INFO  o.s.web.context.ContextLoader - Root WebApplicationContext: initialization completed in 2709 ms
2019-05-06 17:43:39 [main] INFO  com.zaxxer.hikari.HikariDataSource - HikariPool-1 - Starting...
2019-05-06 17:43:41 [main] INFO  jdbc.connection - 1. Connection opened
2019-05-06 17:43:41 [main] INFO  com.zaxxer.hikari.pool.PoolBase - HikariPool-1 - Driver does not support get/set network timeout for connections. (net.sf.log4jdbc.ConnectionSpy.getNetworkTimeout()I)
2019-05-06 17:43:41 [main] INFO  com.zaxxer.hikari.HikariDataSource - HikariPool-1 - Start completed.
2019-05-06 17:43:41 [main] INFO  o.h.jpa.internal.util.LogHelper - HHH000204: Processing PersistenceUnitInfo [
	name: default
	...]
2019-05-06 17:43:41 [HikariPool-1 connection adder] INFO  jdbc.connection - 2. Connection opened
2019-05-06 17:43:41 [HikariPool-1 connection adder] INFO  jdbc.connection - 3. Connection opened
2019-05-06 17:43:41 [HikariPool-1 connection adder] INFO  jdbc.connection - 4. Connection opened
2019-05-06 17:43:41 [HikariPool-1 connection adder] INFO  jdbc.connection - 5. Connection opened
2019-05-06 17:43:41 [HikariPool-1 connection adder] INFO  jdbc.connection - 6. Connection opened
2019-05-06 17:43:41 [HikariPool-1 connection adder] INFO  jdbc.connection - 7. Connection opened
2019-05-06 17:43:41 [HikariPool-1 connection adder] INFO  jdbc.connection - 8. Connection opened
2019-05-06 17:43:41 [main] INFO  org.hibernate.Version - HHH000412: Hibernate Core {5.3.9.Final}
2019-05-06 17:43:41 [HikariPool-1 connection adder] INFO  jdbc.connection - 9. Connection opened
2019-05-06 17:43:41 [main] INFO  org.hibernate.cfg.Environment - HHH000206: hibernate.properties not found
2019-05-06 17:43:41 [HikariPool-1 connection adder] INFO  jdbc.connection - 10. Connection opened
2019-05-06 17:43:42 [main] INFO  o.h.annotations.common.Version - HCANN000001: Hibernate Commons Annotations {5.0.4.Final}
2019-05-06 17:43:42 [main] INFO  org.hibernate.dialect.Dialect - HHH000400: Using dialect: org.hibernate.dialect.MySQL5Dialect
2019-05-06 17:43:42 [main] INFO  o.h.e.j.e.i.LobCreatorBuilderImpl - HHH000421: Disabling contextual LOB creation as hibernate.jdbc.lob.non_contextual_creation is true
2019-05-06 17:43:43 [main] INFO  o.s.o.j.LocalContainerEntityManagerFactoryBean - Initialized JPA EntityManagerFactory for persistence unit 'default'
2019-05-06 17:43:44 [main] INFO  o.s.s.c.ThreadPoolTaskExecutor - Initializing ExecutorService 'applicationTaskExecutor'
2019-05-06 17:43:44 [main] WARN  o.s.b.a.o.j.JpaBaseConfiguration$JpaWebConfiguration$JpaWebMvcConfiguration - spring.jpa.open-in-view is enabled by default. Therefore, database queries may be performed during view rendering. Explicitly configure spring.jpa.open-in-view to disable this warning
2019-05-06 17:43:44 [main] INFO  o.s.b.a.w.s.WelcomePageHandlerMapping - Adding welcome page template: index
2019-05-06 17:43:45 [main] INFO  o.s.s.w.DefaultSecurityFilterChain - Creating filter chain: any request, [org.springframework.security.web.context.request.async.WebAsyncManagerIntegrationFilter@3313463c, org.springframework.security.web.context.SecurityContextPersistenceFilter@5ab7ac02, org.springframework.security.web.header.HeaderWriterFilter@b94703b, org.springframework.security.web.csrf.CsrfFilter@3d033453, org.springframework.security.web.authentication.logout.LogoutFilter@619c3546, org.springframework.security.web.authentication.UsernamePasswordAuthenticationFilter@5c5f0edc, org.springframework.security.web.authentication.ui.DefaultLoginPageGeneratingFilter@2fc7fa6e, org.springframework.security.web.authentication.ui.DefaultLogoutPageGeneratingFilter@9c0d0bd, org.springframework.security.web.authentication.www.BasicAuthenticationFilter@ff03361, org.springframework.security.web.savedrequest.RequestCacheAwareFilter@4fad51a3, org.springframework.security.web.servletapi.SecurityContextHolderAwareRequestFilter@26ffd2c0, org.springframework.security.web.authentication.AnonymousAuthenticationFilter@176333ee, org.springframework.security.web.session.SessionManagementFilter@4d290757, org.springframework.security.web.access.ExceptionTranslationFilter@a9e8da1, org.springframework.security.web.access.intercept.FilterSecurityInterceptor@7c4d1c7b]
2019-05-06 17:43:45 [main] INFO  o.s.b.w.e.tomcat.TomcatWebServer - Tomcat started on port(s): 8080 (http) with context path ''
2019-05-06 17:43:45 [main] INFO  com.eluo.EluoSpringBootApplication - Started EluoSpringBootApplication in 9.504 seconds (JVM running for 11.946)
2019-05-06 17:43:47 [http-nio-8080-exec-1] INFO  o.a.c.c.C.[Tomcat].[localhost].[/] - Initializing Spring DispatcherServlet 'dispatcherServlet'
2019-05-06 17:43:47 [http-nio-8080-exec-1] INFO  o.s.web.servlet.DispatcherServlet - Initializing Servlet 'dispatcherServlet'
2019-05-06 17:43:47 [http-nio-8080-exec-1] INFO  o.s.web.servlet.DispatcherServlet - Completed initialization in 11 ms
2019-05-06 17:43:47 [http-nio-8080-exec-1] INFO  com.eluo.controller.HomeController - called /home/hello
2019-05-06 17:43:47 [http-nio-8080-exec-1] INFO  com.eluo.controller.HomeController - called /home/hello
2019-05-06 17:43:47 [http-nio-8080-exec-1] INFO  com.eluo.controller.HomeController - called /home/hello
2019-05-06 17:43:47 [http-nio-8080-exec-1] INFO  com.eluo.controller.HomeController - called /home/hello
2019-05-06 17:43:47 [http-nio-8080-exec-1] INFO  com.eluo.controller.HomeController - called /home/hello
2019-05-06 17:43:47 [http-nio-8080-exec-1] DEBUG com.eluo.controller.HomeController - called debug /home/hello
2019-05-06 17:43:59 [http-nio-8080-exec-6] DEBUG c.e.s.m.UserMapper.selectByUserId - ==>  Preparing: SELECT * FROM tb_user WHERE userid = ? 
2019-05-06 17:43:59 [http-nio-8080-exec-6] DEBUG c.e.s.m.UserMapper.selectByUserId - ==> Parameters: lohanyeon01(String)
2019-05-06 17:43:59 [http-nio-8080-exec-6] DEBUG jdbc.sqlonly -  com.zaxxer.hikari.pool.ProxyPreparedStatement.execute(ProxyPreparedStatement.java:44)
1. SELECT * FROM tb_user WHERE userid = 'lohanyeon01' 

2019-05-06 17:43:59 [http-nio-8080-exec-6] DEBUG jdbc.sqltiming -  com.zaxxer.hikari.pool.ProxyPreparedStatement.execute(ProxyPreparedStatement.java:44)
1. SELECT * FROM tb_user WHERE userid = 'lohanyeon01' 
 {executed in 4 msec}
2019-05-06 17:43:59 [http-nio-8080-exec-6] DEBUG c.e.s.m.UserMapper.selectByUserId - <==      Total: 1
2019-05-06 17:43:59 [http-nio-8080-exec-7] INFO  com.eluo.controller.HomeController - called /home/mypage
2019-05-06 17:43:59 [http-nio-8080-exec-7] INFO  com.eluo.controller.HomeController - called /home/mypage
2019-05-06 17:43:59 [http-nio-8080-exec-7] INFO  com.eluo.controller.HomeController - called /home/mypage
2019-05-06 17:43:59 [http-nio-8080-exec-7] INFO  com.eluo.controller.HomeController - called /home/mypage
