2019-05-06 17:43:59 [http-nio-8080-exec-7] INFO  com.eluo.controller.HomeController - called /home/mypage
2019-05-06 17:43:59 [http-nio-8080-exec-7] DEBUG com.eluo.controller.HomeController - called debug /home/mypage
2019-05-06 17:44:08 [http-nio-8080-exec-9] INFO  com.eluo.controller.HomeController - called /home/mypage
2019-05-06 17:44:08 [http-nio-8080-exec-9] INFO  com.eluo.controller.HomeController - called /home/mypage
2019-05-06 17:44:08 [http-nio-8080-exec-9] INFO  com.eluo.controller.HomeController - called /home/mypage
2019-05-06 17:44:08 [http-nio-8080-exec-9] INFO  com.eluo.controller.HomeController - called /home/mypage
2019-05-06 17:44:08 [http-nio-8080-exec-9] INFO  com.eluo.controller.HomeController - called /home/mypage
2019-05-06 17:44:08 [http-nio-8080-exec-9] DEBUG com.eluo.controller.HomeController - called debug /home/mypage
2019-05-06 17:44:09 [http-nio-8080-exec-1] INFO  com.eluo.controller.HomeController - called /home/hello
2019-05-06 17:44:09 [http-nio-8080-exec-1] INFO  com.eluo.controller.HomeController - called /home/hello
2019-05-06 17:44:09 [http-nio-8080-exec-1] INFO  com.eluo.controller.HomeController - called /home/hello
2019-05-06 17:44:09 [http-nio-8080-exec-1] INFO  com.eluo.controller.HomeController - called /home/hello
2019-05-06 17:44:09 [http-nio-8080-exec-1] INFO  com.eluo.controller.HomeController - called /home/hello
2019-05-06 17:44:09 [http-nio-8080-exec-1] DEBUG com.eluo.controller.HomeController - called debug /home/hello
2019-05-06 17:46:17 [main] INFO  c.e.EluoSpringBootApplicationTests - Starting EluoSpringBootApplicationTests on DESKTOP-84J9D0E with PID 25664 (started by ELUO in C:\dev\eclipse\workspace_2018-12\eluo-spring-boot)
2019-05-06 17:46:17 [main] DEBUG c.e.EluoSpringBootApplicationTests - Running with Spring Boot v2.1.4.RELEASE, Spring v5.1.6.RELEASE
2019-05-06 17:46:17 [main] INFO  c.e.EluoSpringBootApplicationTests - The following profiles are active: test
2019-05-06 17:46:20 [main] INFO  o.s.d.r.c.RepositoryConfigurationDelegate - Bootstrapping Spring Data repositories in DEFAULT mode.
2019-05-06 17:46:21 [main] INFO  o.s.d.r.c.RepositoryConfigurationDelegate - Finished Spring Data repository scanning in 327ms. Found 1 repository interfaces.
2019-05-06 17:46:23 [main] INFO  o.s.c.s.PostProcessorRegistrationDelegate$BeanPostProcessorChecker - Bean 'org.springframework.transaction.annotation.ProxyTransactionManagementConfiguration' of type [org.springframework.transaction.annotation.ProxyTransactionManagementConfiguration$$EnhancerBySpringCGLIB$$107b837e] is not eligible for getting processed by all BeanPostProcessors (for example: not eligible for auto-proxying)
2019-05-06 17:46:24 [main] INFO  com.zaxxer.hikari.HikariDataSource - HikariPool-1 - Starting...
2019-05-06 17:46:27 [main] INFO  com.zaxxer.hikari.HikariDataSource - HikariPool-1 - Start completed.
2019-05-06 17:46:28 [main] INFO  o.h.jpa.internal.util.LogHelper - HHH000204: Processing PersistenceUnitInfo [
	name: default
	...]
2019-05-06 17:46:28 [main] INFO  org.hibernate.Version - HHH000412: Hibernate Core {5.3.9.Final}
2019-05-06 17:46:28 [main] INFO  org.hibernate.cfg.Environment - HHH000206: hibernate.properties not found
2019-05-06 17:46:29 [main] INFO  o.h.annotations.common.Version - HCANN000001: Hibernate Commons Annotations {5.0.4.Final}
2019-05-06 17:46:30 [main] INFO  org.hibernate.dialect.Dialect - HHH000400: Using dialect: org.hibernate.dialect.MySQL5Dialect
2019-05-06 17:46:30 [main] INFO  o.h.e.j.e.i.LobCreatorBuilderImpl - HHH000421: Disabling contextual LOB creation as hibernate.jdbc.lob.non_contextual_creation is true
2019-05-06 17:46:32 [main] INFO  o.s.o.j.LocalContainerEntityManagerFactoryBean - Initialized JPA EntityManagerFactory for persistence unit 'default'
2019-05-06 17:46:37 [main] INFO  o.s.s.c.ThreadPoolTaskExecutor - Initializing ExecutorService 'applicationTaskExecutor'
2019-05-06 17:46:38 [main] WARN  o.s.b.a.o.j.JpaBaseConfiguration$JpaWebConfiguration$JpaWebMvcConfiguration - spring.jpa.open-in-view is enabled by default. Therefore, database queries may be performed during view rendering. Explicitly configure spring.jpa.open-in-view to disable this warning
2019-05-06 17:46:39 [main] INFO  o.s.b.a.w.s.WelcomePageHandlerMapping - Adding welcome page template: index
2019-05-06 17:46:43 [main] INFO  o.s.s.w.DefaultSecurityFilterChain - Creating filter chain: any request, [org.springframework.security.web.context.request.async.WebAsyncManagerIntegrationFilter@21540255, org.springframework.security.web.context.SecurityContextPersistenceFilter@6ebbc06, org.springframework.security.web.header.HeaderWriterFilter@4cf230bf, org.springframework.security.web.csrf.CsrfFilter@75805562, org.springframework.security.web.authentication.logout.LogoutFilter@2976ef56, org.springframework.security.web.authentication.UsernamePasswordAuthenticationFilter@12be4f83, org.springframework.security.web.authentication.ui.DefaultLoginPageGeneratingFilter@341ccfd1, org.springframework.security.web.authentication.ui.DefaultLogoutPageGeneratingFilter@3a7469ca, org.springframework.security.web.authentication.www.BasicAuthenticationFilter@2152fde5, org.springframework.security.web.savedrequest.RequestCacheAwareFilter@430d3021, org.springframework.security.web.servletapi.SecurityContextHolderAwareRequestFilter@4045fd1f, org.springframework.security.web.authentication.AnonymousAuthenticationFilter@1c8e8fed, org.springframework.security.web.session.SessionManagementFilter@64665781, org.springframework.security.web.access.ExceptionTranslationFilter@40863800, org.springframework.security.web.access.intercept.FilterSecurityInterceptor@ca2be53]
2019-05-06 17:46:44 [main] INFO  c.e.EluoSpringBootApplicationTests - Started EluoSpringBootApplicationTests in 28.681 seconds (JVM running for 31.779)
2019-05-06 17:46:44 [main] INFO  o.s.b.t.a.w.s.WebMvcTestContextBootstrapper - Neither @ContextConfiguration nor @ContextHierarchy found for test class [com.eluo.HomeControllerTest], using SpringBootContextLoader
2019-05-06 17:46:45 [main] INFO  o.s.t.c.s.AbstractContextLoader - Could not detect default resource locations for test class [com.eluo.HomeControllerTest]: no resource found for suffixes {-context.xml, Context.groovy}.
2019-05-06 17:46:45 [main] INFO  o.s.t.c.s.AnnotationConfigContextLoaderUtils - Could not detect default configuration classes for test class [com.eluo.HomeControllerTest]: HomeControllerTest does not declare any static, non-private, non-final, nested classes annotated with @Configuration.
2019-05-06 17:46:45 [main] INFO  o.s.b.t.c.SpringBootTestContextBootstrapper - Found @SpringBootConfiguration com.eluo.EluoSpringBootApplication for test class com.eluo.HomeControllerTest
2019-05-06 17:46:45 [main] INFO  o.s.b.t.a.w.s.WebMvcTestContextBootstrapper - Loaded default TestExecutionListener class names from location [META-INF/spring.factories]: [org.springframework.boot.test.mock.mockito.MockitoTestExecutionListener, org.springframework.boot.test.mock.mockito.ResetMocksTestExecutionListener, org.springframework.boot.test.autoconfigure.restdocs.RestDocsTestExecutionListener, org.springframework.boot.test.autoconfigure.web.client.MockRestServiceServerResetTestExecutionListener, org.springframework.boot.test.autoconfigure.web.servlet.MockMvcPrintOnlyOnFailureTestExecutionListener, org.springframework.boot.test.autoconfigure.web.servlet.WebDriverTestExecutionListener, org.springframework.test.context.web.ServletTestExecutionListener, org.springframework.test.context.support.DirtiesContextBeforeModesTestExecutionListener, org.springframework.test.context.support.DependencyInjectionTestExecutionListener, org.springframework.test.context.support.DirtiesContextTestExecutionListener, org.springframework.test.context.transaction.TransactionalTestExecutionListener, org.springframework.test.context.jdbc.SqlScriptsTestExecutionListener, org.springframework.security.test.context.support.WithSecurityContextTestExecutionListener, org.springframework.security.test.context.support.ReactorContextTestExecutionListener]
2019-05-06 17:46:45 [main] INFO  o.s.b.t.a.w.s.WebMvcTestContextBootstrapper - Using TestExecutionListeners: [org.springframework.test.context.web.ServletTestExecutionListener@6e668322, org.springframework.test.context.support.DirtiesContextBeforeModesTestExecutionListener@75ee6f89, org.springframework.boot.test.mock.mockito.MockitoTestExecutionListener@210d3a42, org.springframework.boot.test.autoconfigure.SpringBootDependencyInjectionTestExecutionListener@356f20b7, org.springframework.test.context.support.DirtiesContextTestExecutionListener@6f4adaab, org.springframework.test.context.transaction.TransactionalTestExecutionListener@69de72ec, org.springframework.test.context.jdbc.SqlScriptsTestExecutionListener@21c99abf, org.springframework.security.test.context.support.WithSecurityContextTestExecutionListener@6d6f6ca9, org.springframework.security.test.context.support.ReactorContextTestExecutionListener@54496c2d, org.springframework.boot.test.mock.mockito.ResetMocksTestExecutionListener@4e1a3d5a, org.springframework.boot.test.autoconfigure.restdocs.RestDocsTestExecutionListener@236b4a44, org.springframework.boot.test.autoconfigure.web.client.MockRestServiceServerResetTestExecutionListener@35f760a4, org.springframework.boot.test.autoconfigure.web.servlet.MockMvcPrintOnlyOnFailureTestExecutionListener@2ac05a33, org.springframework.boot.test.autoconfigure.web.servlet.WebDriverTestExecutionListener@35af52dc]
2019-05-06 17:46:45 [main] INFO  com.eluo.HomeControllerTest - Starting HomeControllerTest on DESKTOP-84J9D0E with PID 25664 (started by ELUO in C:\dev\eclipse\workspace_2018-12\eluo-spring-boot)
2019-05-06 17:46:45 [main] DEBUG com.eluo.HomeControllerTest - Running with Spring Boot v2.1.4.RELEASE, Spring v5.1.6.RELEASE
2019-05-06 17:46:45 [main] INFO  com.eluo.HomeControllerTest - The following profiles are active: test
2019-05-06 17:46:47 [main] INFO  o.s.s.c.ThreadPoolTaskExecutor - Initializing ExecutorService 'applicationTaskExecutor'
2019-05-06 17:46:48 [main] INFO  o.s.b.a.w.s.WelcomePageHandlerMapping - Adding welcome page template: index
2019-05-06 17:46:49 [main] INFO  o.s.b.a.s.s.UserDetailsServiceAutoConfiguration - 

Using generated security password: 0fe5d845-d17a-4784-bf8a-aebe5cc24fd1

2019-05-06 17:46:50 [main] INFO  o.s.s.w.DefaultSecurityFilterChain - Creating filter chain: any request, [org.springframework.security.web.context.request.async.WebAsyncManagerIntegrationFilter@7ccf6114, org.springframework.security.web.context.SecurityContextPersistenceFilter@d271a54, org.springframework.security.web.header.HeaderWriterFilter@40ddf339, org.springframework.security.web.csrf.CsrfFilter@57bac3f0, org.springframework.security.web.authentication.logout.LogoutFilter@66a8751a, org.springframework.security.web.authentication.UsernamePasswordAuthenticationFilter@6207145c, org.springframework.security.web.authentication.ui.DefaultLoginPageGeneratingFilter@53e82089, org.springframework.security.web.authentication.ui.DefaultLogoutPageGeneratingFilter@3df3410a, org.springframework.security.web.authentication.www.BasicAuthenticationFilter@2a259f6f, org.springframework.security.web.savedrequest.RequestCacheAwareFilter@6ff8e744, org.springframework.security.web.servletapi.SecurityContextHolderAwareRequestFilter@409395b9, org.springframework.security.web.authentication.AnonymousAuthenticationFilter@670c171c, org.springframework.security.web.session.SessionManagementFilter@c83ed77, org.springframework.security.web.access.ExceptionTranslationFilter@55f6f965, org.springframework.security.web.access.intercept.FilterSecurityInterceptor@1eabfad5]
2019-05-06 17:46:50 [main] INFO  o.s.b.t.m.w.SpringBootMockServletContext - Initializing Spring TestDispatcherServlet ''
2019-05-06 17:46:50 [main] INFO  o.s.t.w.s.TestDispatcherServlet - Initializing Servlet ''
2019-05-06 17:46:50 [main] INFO  o.s.t.w.s.TestDispatcherServlet - Completed initialization in 120 ms
2019-05-06 17:46:50 [main] INFO  com.eluo.HomeControllerTest - Started HomeControllerTest in 5.743 seconds (JVM running for 38.209)
2019-05-06 17:46:51 [main] INFO  com.eluo.controller.HomeController - called /home/mypage
2019-05-06 17:46:51 [main] INFO  com.eluo.controller.HomeController - called /home/mypage
2019-05-06 17:46:51 [main] INFO  com.eluo.controller.HomeController - called /home/mypage
2019-05-06 17:46:51 [main] INFO  com.eluo.controller.HomeController - called /home/mypage
2019-05-06 17:46:51 [main] INFO  com.eluo.controller.HomeController - called /home/mypage
2019-05-06 17:46:51 [main] DEBUG com.eluo.controller.HomeController - called debug /home/mypage
2019-05-06 17:46:53 [main] INFO  com.eluo.controller.HomeController - called /home/hello
2019-05-06 17:46:53 [main] INFO  com.eluo.controller.HomeController - called /home/hello
2019-05-06 17:46:53 [main] INFO  com.eluo.controller.HomeController - called /home/hello
2019-05-06 17:46:53 [main] INFO  com.eluo.controller.HomeController - called /home/hello
2019-05-06 17:46:53 [main] INFO  com.eluo.controller.HomeController - called /home/hello
2019-05-06 17:46:53 [main] DEBUG com.eluo.controller.HomeController - called debug /home/hello
2019-05-06 17:46:53 [main] INFO  o.s.b.t.c.SpringBootTestContextBootstrapper - Neither @ContextConfiguration nor @ContextHierarchy found for test class [com.eluo.UserServiceTest], using SpringBootContextLoader
2019-05-06 17:46:53 [main] INFO  o.s.t.c.s.AbstractContextLoader - Could not detect default resource locations for test class [com.eluo.UserServiceTest]: no resource found for suffixes {-context.xml, Context.groovy}.
2019-05-06 17:46:53 [main] INFO  o.s.t.c.s.AnnotationConfigContextLoaderUtils - Could not detect default configuration classes for test class [com.eluo.UserServiceTest]: UserServiceTest does not declare any static, non-private, non-final, nested classes annotated with @Configuration.
2019-05-06 17:46:53 [main] INFO  o.s.b.t.c.SpringBootTestContextBootstrapper - Found @SpringBootConfiguration com.eluo.EluoSpringBootApplication for test class com.eluo.UserServiceTest
2019-05-06 17:46:53 [main] INFO  o.s.b.t.c.SpringBootTestContextBootstrapper - Loaded default TestExecutionListener class names from location [META-INF/spring.factories]: [org.springframework.boot.test.mock.mockito.MockitoTestExecutionListener, org.springframework.boot.test.mock.mockito.ResetMocksTestExecutionListener, org.springframework.boot.test.autoconfigure.restdocs.RestDocsTestExecutionListener, org.springframework.boot.test.autoconfigure.web.client.MockRestServiceServerResetTestExecutionListener, org.springframework.boot.test.autoconfigure.web.servlet.MockMvcPrintOnlyOnFailureTestExecutionListener, org.springframework.boot.test.autoconfigure.web.servlet.WebDriverTestExecutionListener, org.springframework.test.context.web.ServletTestExecutionListener, org.springframework.test.context.support.DirtiesContextBeforeModesTestExecutionListener, org.springframework.test.context.support.DependencyInjectionTestExecutionListener, org.springframework.test.context.support.DirtiesContextTestExecutionListener, org.springframework.test.context.transaction.TransactionalTestExecutionListener, org.springframework.test.context.jdbc.SqlScriptsTestExecutionListener, org.springframework.security.test.context.support.WithSecurityContextTestExecutionListener, org.springframework.security.test.context.support.ReactorContextTestExecutionListener]
2019-05-06 17:46:53 [main] INFO  o.s.b.t.c.SpringBootTestContextBootstrapper - Using TestExecutionListeners: [org.springframework.test.context.web.ServletTestExecutionListener@6c8d8b60, org.springframework.test.context.support.DirtiesContextBeforeModesTestExecutionListener@4fa6fb7f, org.springframework.boot.test.mock.mockito.MockitoTestExecutionListener@2520010e, org.springframework.boot.test.autoconfigure.SpringBootDependencyInjectionTestExecutionListener@163fbbc9, org.springframework.test.context.support.DirtiesContextTestExecutionListener@1669f4e5, org.springframework.test.context.transaction.TransactionalTestExecutionListener@6e6c8854, org.springframework.test.context.jdbc.SqlScriptsTestExecutionListener@4be1dce6, org.springframework.security.test.context.support.WithSecurityContextTestExecutionListener@206bd7a0, org.springframework.security.test.context.support.ReactorContextTestExecutionListener@79fcd194, org.springframework.boot.test.mock.mockito.ResetMocksTestExecutionListener@73d8c8d7, org.springframework.boot.test.autoconfigure.restdocs.RestDocsTestExecutionListener@361b3ca6, org.springframework.boot.test.autoconfigure.web.client.MockRestServiceServerResetTestExecutionListener@48333b12, org.springframework.boot.test.autoconfigure.web.servlet.MockMvcPrintOnlyOnFailureTestExecutionListener@575c23f1, org.springframework.boot.test.autoconfigure.web.servlet.WebDriverTestExecutionListener@62f7d7bd]
2019-05-06 17:46:53 [main] INFO  o.s.t.c.t.TransactionContext - Began transaction (1) for test context [DefaultTestContext@1885dc2b testClass = UserServiceTest, testInstance = com.eluo.UserServiceTest@4a3bf37c, testMethod = selectListUser@UserServiceTest, testException = [null], mergedContextConfiguration = [WebMergedContextConfiguration@48aaaed9 testClass = UserServiceTest, locations = '{}', classes = '{class com.eluo.EluoSpringBootApplication}', contextInitializerClasses = '[]', activeProfiles = '{}', propertySourceLocations = '{}', propertySourceProperties = '{org.springframework.boot.test.context.SpringBootTestContextBootstrapper=true}', contextCustomizers = set[org.springframework.boot.test.context.filter.ExcludeFilterContextCustomizer@6eceb130, org.springframework.boot.test.json.DuplicateJsonObjectContextCustomizerFactory$DuplicateJsonObjectContextCustomizer@47db50c5, org.springframework.boot.test.mock.mockito.MockitoContextCustomizer@0, org.springframework.boot.test.web.client.TestRestTemplateContextCustomizer@17211155, org.springframework.boot.test.autoconfigure.properties.PropertyMappingContextCustomizer@0, org.springframework.boot.test.autoconfigure.web.servlet.WebDriverContextCustomizerFactory$Customizer@44a3ec6b], resourceBasePath = 'src/main/webapp', contextLoader = 'org.springframework.boot.test.context.SpringBootContextLoader', parent = [null]], attributes = map['org.springframework.test.context.web.ServletTestExecutionListener.activateListener' -> true, 'org.springframework.test.context.web.ServletTestExecutionListener.populatedRequestContextHolder' -> true, 'org.springframework.test.context.web.ServletTestExecutionListener.resetRequestContextHolder' -> true]]; transaction manager [org.springframework.orm.jpa.JpaTransactionManager@79ba0285]; rollback [true]
2019-05-06 17:46:53 [main] DEBUG c.e.s.m.UserMapper.selectListUser - ==>  Preparing: SELECT idx, userid, passwd, usernm, tel, email, reg_date FROM tb_user 
2019-05-06 17:46:53 [main] DEBUG c.e.s.m.UserMapper.selectListUser - ==> Parameters: 
2019-05-06 17:46:53 [main] DEBUG c.e.s.m.UserMapper.selectListUser - <==      Total: 1
2019-05-06 17:46:53 [main] INFO  o.s.t.c.t.TransactionContext - Rolled back transaction for test: [DefaultTestContext@1885dc2b testClass = UserServiceTest, testInstance = com.eluo.UserServiceTest@4a3bf37c, testMethod = selectListUser@UserServiceTest, testException = [null], mergedContextConfiguration = [WebMergedContextConfiguration@48aaaed9 testClass = UserServiceTest, locations = '{}', classes = '{class com.eluo.EluoSpringBootApplication}', contextInitializerClasses = '[]', activeProfiles = '{}', propertySourceLocations = '{}', propertySourceProperties = '{org.springframework.boot.test.context.SpringBootTestContextBootstrapper=true}', contextCustomizers = set[org.springframework.boot.test.context.filter.ExcludeFilterContextCustomizer@6eceb130, org.springframework.boot.test.json.DuplicateJsonObjectContextCustomizerFactory$DuplicateJsonObjectContextCustomizer@47db50c5, org.springframework.boot.test.mock.mockito.MockitoContextCustomizer@0, org.springframework.boot.test.web.client.TestRestTemplateContextCustomizer@17211155, org.springframework.boot.test.autoconfigure.properties.PropertyMappingContextCustomizer@0, org.springframework.boot.test.autoconfigure.web.servlet.WebDriverContextCustomizerFactory$Customizer@44a3ec6b], resourceBasePath = 'src/main/webapp', contextLoader = 'org.springframework.boot.test.context.SpringBootContextLoader', parent = [null]], attributes = map['org.springframework.test.context.web.ServletTestExecutionListener.activateListener' -> true, 'org.springframework.test.context.web.ServletTestExecutionListener.populatedRequestContextHolder' -> true, 'org.springframework.test.context.web.ServletTestExecutionListener.resetRequestContextHolder' -> true]]
2019-05-06 17:47:10 [Thread-4] INFO  o.s.s.c.ThreadPoolTaskExecutor - Shutting down ExecutorService 'applicationTaskExecutor'
2019-05-06 17:47:10 [Thread-2] INFO  o.s.s.c.ThreadPoolTaskExecutor - Shutting down ExecutorService 'applicationTaskExecutor'
2019-05-06 17:47:10 [Thread-2] INFO  o.s.o.j.LocalContainerEntityManagerFactoryBean - Closing JPA EntityManagerFactory for persistence unit 'default'
2019-05-06 17:47:11 [Thread-2] INFO  com.zaxxer.hikari.HikariDataSource - HikariPool-1 - Shutdown initiated...
2019-05-06 17:47:11 [Thread-2] INFO  com.zaxxer.hikari.HikariDataSource - HikariPool-1 - Shutdown completed.
