2019-05-06 15:38:56 [main] INFO  o.s.o.j.LocalContainerEntityManagerFactoryBean - Initialized JPA EntityManagerFactory for persistence unit 'default'
2019-05-06 15:38:57 [main] INFO  o.s.s.c.ThreadPoolTaskExecutor - Initializing ExecutorService 'applicationTaskExecutor'
2019-05-06 15:38:57 [main] WARN  o.s.b.a.o.j.JpaBaseConfiguration$JpaWebConfiguration$JpaWebMvcConfiguration - spring.jpa.open-in-view is enabled by default. Therefore, database queries may be performed during view rendering. Explicitly configure spring.jpa.open-in-view to disable this warning
2019-05-06 15:38:58 [main] INFO  o.s.b.a.w.s.WelcomePageHandlerMapping - Adding welcome page template: index
2019-05-06 15:38:58 [main] INFO  o.s.s.w.DefaultSecurityFilterChain - Creating filter chain: any request, [org.springframework.security.web.context.request.async.WebAsyncManagerIntegrationFilter@36f6d25c, org.springframework.security.web.context.SecurityContextPersistenceFilter@2a7ebe07, org.springframework.security.web.header.HeaderWriterFilter@43deba42, org.springframework.security.web.csrf.CsrfFilter@67c21bf, org.springframework.security.web.authentication.logout.LogoutFilter@6d7b2319, org.springframework.security.web.authentication.UsernamePasswordAuthenticationFilter@1231a1be, org.springframework.security.web.authentication.ui.DefaultLoginPageGeneratingFilter@4d290757, org.springframework.security.web.authentication.ui.DefaultLogoutPageGeneratingFilter@690df641, org.springframework.security.web.authentication.www.BasicAuthenticationFilter@4a9b92c6, org.springframework.security.web.savedrequest.RequestCacheAwareFilter@5eeee124, org.springframework.security.web.servletapi.SecurityContextHolderAwareRequestFilter@b94703b, org.springframework.security.web.authentication.AnonymousAuthenticationFilter@7db791df, org.springframework.security.web.session.SessionManagementFilter@38c10190, org.springframework.security.web.access.ExceptionTranslationFilter@612af486, org.springframework.security.web.access.intercept.FilterSecurityInterceptor@e162a35]
2019-05-06 15:38:59 [main] INFO  o.s.b.w.e.tomcat.TomcatWebServer - Tomcat started on port(s): 8080 (http) with context path ''
2019-05-06 15:38:59 [main] INFO  com.eluo.EluoSpringBootApplication - Started EluoSpringBootApplication in 9.863 seconds (JVM running for 12.056)
2019-05-06 15:40:35 [RMI TCP Connection(9)-127.0.0.1] INFO  o.s.b.a.SpringApplicationAdminMXBeanRegistrar$SpringApplicationAdmin - Application shutdown requested.
2019-05-06 15:40:35 [RMI TCP Connection(9)-127.0.0.1] INFO  o.s.s.c.ThreadPoolTaskExecutor - Shutting down ExecutorService 'applicationTaskExecutor'
2019-05-06 15:40:35 [RMI TCP Connection(9)-127.0.0.1] INFO  o.s.o.j.LocalContainerEntityManagerFactoryBean - Closing JPA EntityManagerFactory for persistence unit 'default'
2019-05-06 15:40:35 [RMI TCP Connection(9)-127.0.0.1] INFO  com.zaxxer.hikari.HikariDataSource - HikariPool-1 - Shutdown initiated...
2019-05-06 15:40:35 [HikariPool-1 connection closer] INFO  jdbc.connection - 1. Connection closed
2019-05-06 15:40:35 [HikariPool-1 connection closer] INFO  jdbc.connection - 2. Connection closed
2019-05-06 15:40:35 [HikariPool-1 connection closer] INFO  jdbc.connection - 3. Connection closed
2019-05-06 15:40:35 [HikariPool-1 connection closer] INFO  jdbc.connection - 4. Connection closed
2019-05-06 15:40:35 [HikariPool-1 connection closer] INFO  jdbc.connection - 5. Connection closed
2019-05-06 15:40:35 [HikariPool-1 connection closer] INFO  jdbc.connection - 6. Connection closed
2019-05-06 15:40:35 [HikariPool-1 connection closer] INFO  jdbc.connection - 7. Connection closed
2019-05-06 15:40:35 [HikariPool-1 connection closer] INFO  jdbc.connection - 8. Connection closed
2019-05-06 15:40:35 [HikariPool-1 connection closer] INFO  jdbc.connection - 9. Connection closed
2019-05-06 15:40:35 [HikariPool-1 connection closer] INFO  jdbc.connection - 10. Connection closed
2019-05-06 15:40:35 [RMI TCP Connection(9)-127.0.0.1] INFO  com.zaxxer.hikari.HikariDataSource - HikariPool-1 - Shutdown completed.
2019-05-06 15:40:42 [main] INFO  com.eluo.EluoSpringBootApplication - Starting EluoSpringBootApplication on DESKTOP-84J9D0E with PID 17284 (C:\dev\eclipse\workspace_2018-12\eluo-spring-boot\target\classes started by ELUO in C:\dev\eclipse\workspace_2018-12\eluo-spring-boot)
2019-05-06 15:40:42 [main] DEBUG com.eluo.EluoSpringBootApplication - Running with Spring Boot v2.1.4.RELEASE, Spring v5.1.6.RELEASE
2019-05-06 15:40:42 [main] INFO  com.eluo.EluoSpringBootApplication - The following profiles are active: local
2019-05-06 15:40:44 [main] INFO  o.s.d.r.c.RepositoryConfigurationDelegate - Bootstrapping Spring Data repositories in DEFAULT mode.
2019-05-06 15:40:44 [main] INFO  o.s.d.r.c.RepositoryConfigurationDelegate - Finished Spring Data repository scanning in 149ms. Found 1 repository interfaces.
2019-05-06 15:40:45 [main] INFO  o.s.c.s.PostProcessorRegistrationDelegate$BeanPostProcessorChecker - Bean 'org.springframework.transaction.annotation.ProxyTransactionManagementConfiguration' of type [org.springframework.transaction.annotation.ProxyTransactionManagementConfiguration$$EnhancerBySpringCGLIB$$4cae0ec7] is not eligible for getting processed by all BeanPostProcessors (for example: not eligible for auto-proxying)
2019-05-06 15:40:45 [main] INFO  o.s.b.w.e.tomcat.TomcatWebServer - Tomcat initialized with port(s): 8080 (http)
2019-05-06 15:40:45 [main] INFO  o.a.catalina.core.StandardService - Starting service [Tomcat]
2019-05-06 15:40:45 [main] INFO  o.a.catalina.core.StandardEngine - Starting Servlet engine: [Apache Tomcat/9.0.17]
2019-05-06 15:40:45 [main] INFO  o.a.c.c.C.[Tomcat].[localhost].[/] - Initializing Spring embedded WebApplicationContext
2019-05-06 15:40:45 [main] INFO  o.s.web.context.ContextLoader - Root WebApplicationContext: initialization completed in 2683 ms
2019-05-06 15:40:46 [main] INFO  com.zaxxer.hikari.HikariDataSource - HikariPool-1 - Starting...
2019-05-06 15:40:47 [main] INFO  jdbc.connection - 1. Connection opened
2019-05-06 15:40:47 [main] INFO  com.zaxxer.hikari.pool.PoolBase - HikariPool-1 - Driver does not support get/set network timeout for connections. (net.sf.log4jdbc.ConnectionSpy.getNetworkTimeout()I)
2019-05-06 15:40:47 [main] INFO  com.zaxxer.hikari.HikariDataSource - HikariPool-1 - Start completed.
2019-05-06 15:40:47 [main] INFO  o.h.jpa.internal.util.LogHelper - HHH000204: Processing PersistenceUnitInfo [
	name: default
	...]
2019-05-06 15:40:47 [HikariPool-1 connection adder] INFO  jdbc.connection - 2. Connection opened
2019-05-06 15:40:47 [HikariPool-1 connection adder] INFO  jdbc.connection - 3. Connection opened
2019-05-06 15:40:47 [HikariPool-1 connection adder] INFO  jdbc.connection - 4. Connection opened
2019-05-06 15:40:47 [HikariPool-1 connection adder] INFO  jdbc.connection - 5. Connection opened
2019-05-06 15:40:47 [main] INFO  org.hibernate.Version - HHH000412: Hibernate Core {5.3.9.Final}
2019-05-06 15:40:47 [main] INFO  org.hibernate.cfg.Environment - HHH000206: hibernate.properties not found
2019-05-06 15:40:47 [HikariPool-1 connection adder] INFO  jdbc.connection - 6. Connection opened
2019-05-06 15:40:47 [HikariPool-1 connection adder] INFO  jdbc.connection - 7. Connection opened
2019-05-06 15:40:47 [HikariPool-1 connection adder] INFO  jdbc.connection - 8. Connection opened
2019-05-06 15:40:47 [HikariPool-1 connection adder] INFO  jdbc.connection - 9. Connection opened
2019-05-06 15:40:47 [HikariPool-1 connection adder] INFO  jdbc.connection - 10. Connection opened
2019-05-06 15:40:48 [main] INFO  o.h.annotations.common.Version - HCANN000001: Hibernate Commons Annotations {5.0.4.Final}
2019-05-06 15:40:48 [main] INFO  org.hibernate.dialect.Dialect - HHH000400: Using dialect: org.hibernate.dialect.MySQL5Dialect
2019-05-06 15:40:48 [main] INFO  o.h.e.j.e.i.LobCreatorBuilderImpl - HHH000421: Disabling contextual LOB creation as hibernate.jdbc.lob.non_contextual_creation is true
2019-05-06 15:40:49 [main] INFO  o.s.o.j.LocalContainerEntityManagerFactoryBean - Initialized JPA EntityManagerFactory for persistence unit 'default'
2019-05-06 15:40:50 [main] INFO  o.s.s.c.ThreadPoolTaskExecutor - Initializing ExecutorService 'applicationTaskExecutor'
2019-05-06 15:40:50 [main] WARN  o.s.b.a.o.j.JpaBaseConfiguration$JpaWebConfiguration$JpaWebMvcConfiguration - spring.jpa.open-in-view is enabled by default. Therefore, database queries may be performed during view rendering. Explicitly configure spring.jpa.open-in-view to disable this warning
2019-05-06 15:40:50 [main] INFO  o.s.b.a.w.s.WelcomePageHandlerMapping - Adding welcome page template: index
2019-05-06 15:40:51 [main] INFO  o.s.s.w.DefaultSecurityFilterChain - Creating filter chain: any request, [org.springframework.security.web.context.request.async.WebAsyncManagerIntegrationFilter@2c0798bd, org.springframework.security.web.context.SecurityContextPersistenceFilter@994544, org.springframework.security.web.header.HeaderWriterFilter@6736f40f, org.springframework.security.web.csrf.CsrfFilter@1bb96449, org.springframework.security.web.authentication.logout.LogoutFilter@4e2cdc51, org.springframework.security.web.authentication.UsernamePasswordAuthenticationFilter@1f39269d, org.springframework.security.web.authentication.ui.DefaultLoginPageGeneratingFilter@58e03769, org.springframework.security.web.authentication.ui.DefaultLogoutPageGeneratingFilter@2e3252, org.springframework.security.web.authentication.www.BasicAuthenticationFilter@26994c6a, org.springframework.security.web.savedrequest.RequestCacheAwareFilter@6f0c45f4, org.springframework.security.web.servletapi.SecurityContextHolderAwareRequestFilter@28831d69, org.springframework.security.web.authentication.AnonymousAuthenticationFilter@77cddc0c, org.springframework.security.web.session.SessionManagementFilter@7548e1fb, org.springframework.security.web.access.ExceptionTranslationFilter@2af9a5ef, org.springframework.security.web.access.intercept.FilterSecurityInterceptor@6cd45b6c]
2019-05-06 15:40:51 [main] INFO  o.s.b.w.e.tomcat.TomcatWebServer - Tomcat started on port(s): 8080 (http) with context path ''
2019-05-06 15:40:51 [main] INFO  com.eluo.EluoSpringBootApplication - Started EluoSpringBootApplication in 9.176 seconds (JVM running for 11.575)
