2019-05-10 17:52:25 [main] INFO  com.eluo.EluoSpringBootApplication - Starting EluoSpringBootApplication on DESKTOP-84J9D0E with PID 2384 (C:\dev\eclipse\workspace_2018-12\eluo-spring-boot\target\classes started by ELUO in C:\dev\eclipse\workspace_2018-12\eluo-spring-boot)
2019-05-10 17:52:25 [main] DEBUG com.eluo.EluoSpringBootApplication - Running with Spring Boot v2.1.4.RELEASE, Spring v5.1.6.RELEASE
2019-05-10 17:52:25 [main] INFO  com.eluo.EluoSpringBootApplication - The following profiles are active: local
2019-05-10 17:52:26 [main] INFO  o.s.d.r.c.RepositoryConfigurationDelegate - Bootstrapping Spring Data repositories in DEFAULT mode.
2019-05-10 17:52:26 [main] INFO  o.s.d.r.c.RepositoryConfigurationDelegate - Finished Spring Data repository scanning in 133ms. Found 1 repository interfaces.
2019-05-10 17:52:26 [main] INFO  o.s.c.s.PostProcessorRegistrationDelegate$BeanPostProcessorChecker - Bean 'org.springframework.transaction.annotation.ProxyTransactionManagementConfiguration' of type [org.springframework.transaction.annotation.ProxyTransactionManagementConfiguration$$EnhancerBySpringCGLIB$$763d31bb] is not eligible for getting processed by all BeanPostProcessors (for example: not eligible for auto-proxying)
2019-05-10 17:52:27 [main] INFO  o.s.b.w.e.tomcat.TomcatWebServer - Tomcat initialized with port(s): 8080 (http)
2019-05-10 17:52:27 [main] INFO  o.a.catalina.core.StandardService - Starting service [Tomcat]
2019-05-10 17:52:27 [main] INFO  o.a.catalina.core.StandardEngine - Starting Servlet engine: [Apache Tomcat/9.0.17]
2019-05-10 17:52:27 [main] INFO  o.a.c.c.C.[Tomcat].[localhost].[/] - Initializing Spring embedded WebApplicationContext
2019-05-10 17:52:27 [main] INFO  o.s.web.context.ContextLoader - Root WebApplicationContext: initialization completed in 2496 ms
2019-05-10 17:52:27 [main] INFO  com.zaxxer.hikari.HikariDataSource - HikariPool-1 - Starting...
2019-05-10 17:52:30 [main] INFO  jdbc.connection - 1. Connection opened
2019-05-10 17:52:30 [main] INFO  com.zaxxer.hikari.pool.PoolBase - HikariPool-1 - Driver does not support get/set network timeout for connections. (net.sf.log4jdbc.ConnectionSpy.getNetworkTimeout()I)
2019-05-10 17:52:30 [main] INFO  com.zaxxer.hikari.HikariDataSource - HikariPool-1 - Start completed.
2019-05-10 17:52:30 [main] INFO  o.h.jpa.internal.util.LogHelper - HHH000204: Processing PersistenceUnitInfo [
	name: default
	...]
2019-05-10 17:52:30 [HikariPool-1 connection adder] INFO  jdbc.connection - 2. Connection opened
2019-05-10 17:52:30 [HikariPool-1 connection adder] INFO  jdbc.connection - 3. Connection opened
2019-05-10 17:52:30 [HikariPool-1 connection adder] INFO  jdbc.connection - 4. Connection opened
2019-05-10 17:52:30 [HikariPool-1 connection adder] INFO  jdbc.connection - 5. Connection opened
2019-05-10 17:52:30 [main] INFO  org.hibernate.Version - HHH000412: Hibernate Core {5.3.9.Final}
2019-05-10 17:52:30 [main] INFO  org.hibernate.cfg.Environment - HHH000206: hibernate.properties not found
2019-05-10 17:52:30 [HikariPool-1 connection adder] INFO  jdbc.connection - 6. Connection opened
2019-05-10 17:52:30 [HikariPool-1 connection adder] INFO  jdbc.connection - 7. Connection opened
2019-05-10 17:52:30 [HikariPool-1 connection adder] INFO  jdbc.connection - 8. Connection opened
2019-05-10 17:52:30 [HikariPool-1 connection adder] INFO  jdbc.connection - 9. Connection opened
2019-05-10 17:52:30 [HikariPool-1 connection adder] INFO  jdbc.connection - 10. Connection opened
2019-05-10 17:52:30 [main] INFO  o.h.annotations.common.Version - HCANN000001: Hibernate Commons Annotations {5.0.4.Final}
2019-05-10 17:52:30 [main] INFO  org.hibernate.dialect.Dialect - HHH000400: Using dialect: org.hibernate.dialect.MySQL5Dialect
2019-05-10 17:52:31 [main] INFO  o.h.e.j.e.i.LobCreatorBuilderImpl - HHH000421: Disabling contextual LOB creation as hibernate.jdbc.lob.non_contextual_creation is true
2019-05-10 17:52:31 [main] INFO  o.s.o.j.LocalContainerEntityManagerFactoryBean - Initialized JPA EntityManagerFactory for persistence unit 'default'
2019-05-10 17:52:33 [main] INFO  o.s.s.c.ThreadPoolTaskExecutor - Initializing ExecutorService 'applicationTaskExecutor'
2019-05-10 17:52:33 [main] WARN  o.s.b.a.o.j.JpaBaseConfiguration$JpaWebConfiguration$JpaWebMvcConfiguration - spring.jpa.open-in-view is enabled by default. Therefore, database queries may be performed during view rendering. Explicitly configure spring.jpa.open-in-view to disable this warning
2019-05-10 17:52:33 [main] INFO  o.s.b.a.w.s.WelcomePageHandlerMapping - Adding welcome page template: index
2019-05-10 17:52:34 [main] INFO  o.s.s.w.DefaultSecurityFilterChain - Creating filter chain: any request, [org.springframework.security.web.context.request.async.WebAsyncManagerIntegrationFilter@4597e6e3, org.springframework.security.web.context.SecurityContextPersistenceFilter@5e24592e, org.springframework.security.web.header.HeaderWriterFilter@acb5508, org.springframework.security.web.csrf.CsrfFilter@62cd562d, org.springframework.security.web.authentication.logout.LogoutFilter@2af9a5ef, org.springframework.security.web.authentication.UsernamePasswordAuthenticationFilter@3321291a, org.springframework.security.web.authentication.ui.DefaultLoginPageGeneratingFilter@1d226f27, org.springframework.security.web.authentication.ui.DefaultLogoutPageGeneratingFilter@41ece227, org.springframework.security.web.authentication.www.BasicAuthenticationFilter@176333ee, org.springframework.security.web.savedrequest.RequestCacheAwareFilter@50ff7063, org.springframework.security.web.servletapi.SecurityContextHolderAwareRequestFilter@29090809, org.springframework.security.web.authentication.AnonymousAuthenticationFilter@5e3d2765, org.springframework.security.web.session.SessionManagementFilter@3ac0a14b, org.springframework.security.web.access.ExceptionTranslationFilter@4fad51a3, org.springframework.security.web.access.intercept.FilterSecurityInterceptor@5c5f0edc]
2019-05-10 17:52:34 [main] INFO  o.s.b.w.e.tomcat.TomcatWebServer - Tomcat started on port(s): 8080 (http) with context path ''
2019-05-10 17:52:34 [main] INFO  com.eluo.EluoSpringBootApplication - Started EluoSpringBootApplication in 10.135 seconds (JVM running for 13.569)
2019-05-10 17:52:43 [http-nio-8080-exec-1] INFO  o.a.c.c.C.[Tomcat].[localhost].[/] - Initializing Spring DispatcherServlet 'dispatcherServlet'
2019-05-10 17:52:43 [http-nio-8080-exec-1] INFO  o.s.web.servlet.DispatcherServlet - Initializing Servlet 'dispatcherServlet'
2019-05-10 17:52:43 [http-nio-8080-exec-1] INFO  o.s.web.servlet.DispatcherServlet - Completed initialization in 14 ms
2019-05-10 17:52:45 [http-nio-8080-exec-5] INFO  com.eluo.controller.HomeController - called /home/hello
2019-05-10 17:52:45 [http-nio-8080-exec-5] INFO  com.eluo.controller.HomeController - called /home/hello
2019-05-10 17:52:45 [http-nio-8080-exec-5] INFO  com.eluo.controller.HomeController - called /home/hello
2019-05-10 17:52:45 [http-nio-8080-exec-5] INFO  com.eluo.controller.HomeController - called /home/hello
2019-05-10 17:52:45 [http-nio-8080-exec-5] INFO  com.eluo.controller.HomeController - called /home/hello
2019-05-10 17:52:45 [http-nio-8080-exec-5] DEBUG com.eluo.controller.HomeController - called debug /home/hello
2019-05-10 17:52:51 [http-nio-8080-exec-5] DEBUG c.e.s.m.UserMapper.selectByUserId - ==>  Preparing: SELECT * FROM tb_user WHERE userid = ? 
2019-05-10 17:52:51 [http-nio-8080-exec-5] DEBUG c.e.s.m.UserMapper.selectByUserId - ==> Parameters: lohanyeon01(String)
2019-05-10 17:52:51 [http-nio-8080-exec-5] DEBUG jdbc.sqlonly -  com.zaxxer.hikari.pool.ProxyPreparedStatement.execute(ProxyPreparedStatement.java:44)
1. SELECT * FROM tb_user WHERE userid = 'lohanyeon01' 

2019-05-10 17:52:51 [http-nio-8080-exec-5] DEBUG jdbc.sqltiming -  com.zaxxer.hikari.pool.ProxyPreparedStatement.execute(ProxyPreparedStatement.java:44)
1. SELECT * FROM tb_user WHERE userid = 'lohanyeon01' 
 {executed in 23 msec}
2019-05-10 17:52:51 [http-nio-8080-exec-5] DEBUG c.e.s.m.UserMapper.selectByUserId - <==      Total: 1
2019-05-10 17:52:51 [http-nio-8080-exec-6] INFO  com.eluo.controller.HomeController - called /home/mypage
2019-05-10 17:52:51 [http-nio-8080-exec-6] INFO  com.eluo.controller.HomeController - called /home/mypage
2019-05-10 17:52:51 [http-nio-8080-exec-6] INFO  com.eluo.controller.HomeController - called /home/mypage
2019-05-10 17:52:51 [http-nio-8080-exec-6] INFO  com.eluo.controller.HomeController - called /home/mypage
2019-05-10 17:52:51 [http-nio-8080-exec-6] INFO  com.eluo.controller.HomeController - called /home/mypage
2019-05-10 17:52:51 [http-nio-8080-exec-6] DEBUG com.eluo.controller.HomeController - called debug /home/mypage
2019-05-10 17:52:57 [http-nio-8080-exec-9] INFO  com.eluo.controller.HomeController - called /home/hello
2019-05-10 17:52:57 [http-nio-8080-exec-9] INFO  com.eluo.controller.HomeController - called /home/hello
2019-05-10 17:52:57 [http-nio-8080-exec-9] INFO  com.eluo.controller.HomeController - called /home/hello
2019-05-10 17:52:57 [http-nio-8080-exec-9] INFO  com.eluo.controller.HomeController - called /home/hello
2019-05-10 17:52:57 [http-nio-8080-exec-9] INFO  com.eluo.controller.HomeController - called /home/hello
2019-05-10 17:52:57 [http-nio-8080-exec-9] DEBUG com.eluo.controller.HomeController - called debug /home/hello
2019-05-10 17:53:00 [http-nio-8080-exec-3] INFO  com.eluo.controller.HomeController - called /home/hello
2019-05-10 17:53:00 [http-nio-8080-exec-3] INFO  com.eluo.controller.HomeController - called /home/hello
2019-05-10 17:53:00 [http-nio-8080-exec-3] INFO  com.eluo.controller.HomeController - called /home/hello
2019-05-10 17:53:00 [http-nio-8080-exec-3] INFO  com.eluo.controller.HomeController - called /home/hello
2019-05-10 17:53:00 [http-nio-8080-exec-3] INFO  com.eluo.controller.HomeController - called /home/hello
2019-05-10 17:53:00 [http-nio-8080-exec-3] DEBUG com.eluo.controller.HomeController - called debug /home/hello
2019-05-10 17:53:01 [http-nio-8080-exec-5] INFO  com.eluo.controller.HomeController - called /home/mypage
2019-05-10 17:53:01 [http-nio-8080-exec-5] INFO  com.eluo.controller.HomeController - called /home/mypage
2019-05-10 17:53:01 [http-nio-8080-exec-5] INFO  com.eluo.controller.HomeController - called /home/mypage
2019-05-10 17:53:01 [http-nio-8080-exec-5] INFO  com.eluo.controller.HomeController - called /home/mypage
2019-05-10 17:53:01 [http-nio-8080-exec-5] INFO  com.eluo.controller.HomeController - called /home/mypage
2019-05-10 17:53:01 [http-nio-8080-exec-5] DEBUG com.eluo.controller.HomeController - called debug /home/mypage
2019-05-10 17:54:16 [main] INFO  c.e.EluoSpringBootApplicationTests - Starting EluoSpringBootApplicationTests on DESKTOP-84J9D0E with PID 19940 (started by ELUO in C:\dev\eclipse\workspace_2018-12\eluo-spring-boot)
2019-05-10 17:54:16 [main] DEBUG c.e.EluoSpringBootApplicationTests - Running with Spring Boot v2.1.4.RELEASE, Spring v5.1.6.RELEASE
2019-05-10 17:54:16 [main] INFO  c.e.EluoSpringBootApplicationTests - The following profiles are active: test
2019-05-10 17:54:19 [main] INFO  o.s.d.r.c.RepositoryConfigurationDelegate - Bootstrapping Spring Data repositories in DEFAULT mode.
2019-05-10 17:54:19 [main] INFO  o.s.d.r.c.RepositoryConfigurationDelegate - Finished Spring Data repository scanning in 318ms. Found 1 repository interfaces.
2019-05-10 17:54:21 [main] INFO  o.s.c.s.PostProcessorRegistrationDelegate$BeanPostProcessorChecker - Bean 'org.springframework.transaction.annotation.ProxyTransactionManagementConfiguration' of type [org.springframework.transaction.annotation.ProxyTransactionManagementConfiguration$$EnhancerBySpringCGLIB$$be99575] is not eligible for getting processed by all BeanPostProcessors (for example: not eligible for auto-proxying)
2019-05-10 17:54:21 [main] INFO  com.zaxxer.hikari.HikariDataSource - HikariPool-1 - Starting...
2019-05-10 17:54:24 [main] INFO  com.zaxxer.hikari.HikariDataSource - HikariPool-1 - Start completed.
2019-05-10 17:54:25 [main] INFO  o.h.jpa.internal.util.LogHelper - HHH000204: Processing PersistenceUnitInfo [
	name: default
	...]
2019-05-10 17:54:25 [main] INFO  org.hibernate.Version - HHH000412: Hibernate Core {5.3.9.Final}
2019-05-10 17:54:25 [main] INFO  org.hibernate.cfg.Environment - HHH000206: hibernate.properties not found
2019-05-10 17:54:25 [main] INFO  o.h.annotations.common.Version - HCANN000001: Hibernate Commons Annotations {5.0.4.Final}
2019-05-10 17:54:26 [main] INFO  org.hibernate.dialect.Dialect - HHH000400: Using dialect: org.hibernate.dialect.MySQL5Dialect
2019-05-10 17:54:26 [main] INFO  o.h.e.j.e.i.LobCreatorBuilderImpl - HHH000421: Disabling contextual LOB creation as hibernate.jdbc.lob.non_contextual_creation is true
2019-05-10 17:54:28 [main] INFO  o.s.o.j.LocalContainerEntityManagerFactoryBean - Initialized JPA EntityManagerFactory for persistence unit 'default'
2019-05-10 17:54:32 [main] INFO  o.s.s.c.ThreadPoolTaskExecutor - Initializing ExecutorService 'applicationTaskExecutor'
2019-05-10 17:54:32 [main] WARN  o.s.b.a.o.j.JpaBaseConfiguration$JpaWebConfiguration$JpaWebMvcConfiguration - spring.jpa.open-in-view is enabled by default. Therefore, database queries may be performed during view rendering. Explicitly configure spring.jpa.open-in-view to disable this warning
2019-05-10 17:54:33 [main] INFO  o.s.b.a.w.s.WelcomePageHandlerMapping - Adding welcome page template: index
2019-05-10 17:54:35 [main] INFO  o.s.s.w.DefaultSecurityFilterChain - Creating filter chain: any request, [org.springframework.security.web.context.request.async.WebAsyncManagerIntegrationFilter@3c3ab672, org.springframework.security.web.context.SecurityContextPersistenceFilter@cf984d9, org.springframework.security.web.header.HeaderWriterFilter@430d3021, org.springframework.security.web.csrf.CsrfFilter@3006bfb, org.springframework.security.web.authentication.logout.LogoutFilter@6e49b011, org.springframework.security.web.authentication.UsernamePasswordAuthenticationFilter@2152fde5, org.springframework.security.web.authentication.ui.DefaultLoginPageGeneratingFilter@4152bd0f, org.springframework.security.web.authentication.ui.DefaultLogoutPageGeneratingFilter@3e6acec2, org.springframework.security.web.authentication.www.BasicAuthenticationFilter@70f98f7a, org.springframework.security.web.savedrequest.RequestCacheAwareFilter@54941dfd, org.springframework.security.web.servletapi.SecurityContextHolderAwareRequestFilter@10a0a1e, org.springframework.security.web.authentication.AnonymousAuthenticationFilter@3d764641, org.springframework.security.web.session.SessionManagementFilter@3220c28, org.springframework.security.web.access.ExceptionTranslationFilter@11015ca0, org.springframework.security.web.access.intercept.FilterSecurityInterceptor@2e0652ab]
2019-05-10 17:54:36 [main] INFO  c.e.EluoSpringBootApplicationTests - Started EluoSpringBootApplicationTests in 21.121 seconds (JVM running for 23.146)
2019-05-10 17:54:36 [main] INFO  o.s.b.t.a.w.s.WebMvcTestContextBootstrapper - Neither @ContextConfiguration nor @ContextHierarchy found for test class [com.eluo.HomeControllerTest], using SpringBootContextLoader
2019-05-10 17:54:36 [main] INFO  o.s.t.c.s.AbstractContextLoader - Could not detect default resource locations for test class [com.eluo.HomeControllerTest]: no resource found for suffixes {-context.xml, Context.groovy}.
2019-05-10 17:54:36 [main] INFO  o.s.t.c.s.AnnotationConfigContextLoaderUtils - Could not detect default configuration classes for test class [com.eluo.HomeControllerTest]: HomeControllerTest does not declare any static, non-private, non-final, nested classes annotated with @Configuration.
2019-05-10 17:54:36 [main] INFO  o.s.b.t.c.SpringBootTestContextBootstrapper - Found @SpringBootConfiguration com.eluo.EluoSpringBootApplication for test class com.eluo.HomeControllerTest
2019-05-10 17:54:36 [main] INFO  o.s.b.t.a.w.s.WebMvcTestContextBootstrapper - Loaded default TestExecutionListener class names from location [META-INF/spring.factories]: [org.springframework.boot.test.mock.mockito.MockitoTestExecutionListener, org.springframework.boot.test.mock.mockito.ResetMocksTestExecutionListener, org.springframework.boot.test.autoconfigure.restdocs.RestDocsTestExecutionListener, org.springframework.boot.test.autoconfigure.web.client.MockRestServiceServerResetTestExecutionListener, org.springframework.boot.test.autoconfigure.web.servlet.MockMvcPrintOnlyOnFailureTestExecutionListener, org.springframework.boot.test.autoconfigure.web.servlet.WebDriverTestExecutionListener, org.springframework.test.context.web.ServletTestExecutionListener, org.springframework.test.context.support.DirtiesContextBeforeModesTestExecutionListener, org.springframework.test.context.support.DependencyInjectionTestExecutionListener, org.springframework.test.context.support.DirtiesContextTestExecutionListener, org.springframework.test.context.transaction.TransactionalTestExecutionListener, org.springframework.test.context.jdbc.SqlScriptsTestExecutionListener, org.springframework.security.test.context.support.WithSecurityContextTestExecutionListener, org.springframework.security.test.context.support.ReactorContextTestExecutionListener]
2019-05-10 17:54:36 [main] INFO  o.s.b.t.a.w.s.WebMvcTestContextBootstrapper - Using TestExecutionListeners: [org.springframework.test.context.web.ServletTestExecutionListener@6d6f6ca9, org.springframework.test.context.support.DirtiesContextBeforeModesTestExecutionListener@54496c2d, org.springframework.boot.test.mock.mockito.MockitoTestExecutionListener@4e1a3d5a, org.springframework.boot.test.autoconfigure.SpringBootDependencyInjectionTestExecutionListener@236b4a44, org.springframework.test.context.support.DirtiesContextTestExecutionListener@35f760a4, org.springframework.test.context.transaction.TransactionalTestExecutionListener@2ac05a33, org.springframework.test.context.jdbc.SqlScriptsTestExecutionListener@35af52dc, org.springframework.security.test.context.support.WithSecurityContextTestExecutionListener@4cef0747, org.springframework.security.test.context.support.ReactorContextTestExecutionListener@4213bc3e, org.springframework.boot.test.mock.mockito.ResetMocksTestExecutionListener@6aaa678d, org.springframework.boot.test.autoconfigure.restdocs.RestDocsTestExecutionListener@25dcf1b6, org.springframework.boot.test.autoconfigure.web.client.MockRestServiceServerResetTestExecutionListener@113d0f75, org.springframework.boot.test.autoconfigure.web.servlet.MockMvcPrintOnlyOnFailureTestExecutionListener@4e10a320, org.springframework.boot.test.autoconfigure.web.servlet.WebDriverTestExecutionListener@773f3360]
2019-05-10 17:54:36 [main] INFO  com.eluo.HomeControllerTest - Starting HomeControllerTest on DESKTOP-84J9D0E with PID 19940 (started by ELUO in C:\dev\eclipse\workspace_2018-12\eluo-spring-boot)
2019-05-10 17:54:36 [main] DEBUG com.eluo.HomeControllerTest - Running with Spring Boot v2.1.4.RELEASE, Spring v5.1.6.RELEASE
2019-05-10 17:54:36 [main] INFO  com.eluo.HomeControllerTest - The following profiles are active: test
2019-05-10 17:54:38 [main] INFO  o.s.s.c.ThreadPoolTaskExecutor - Initializing ExecutorService 'applicationTaskExecutor'
2019-05-10 17:54:38 [main] INFO  o.s.b.a.w.s.WelcomePageHandlerMapping - Adding welcome page template: index
2019-05-10 17:54:39 [main] INFO  o.s.b.a.s.s.UserDetailsServiceAutoConfiguration - 

Using generated security password: 06945869-d9ef-4a08-a20d-a106678dfa51

2019-05-10 17:54:39 [main] INFO  o.s.s.w.DefaultSecurityFilterChain - Creating filter chain: any request, [org.springframework.security.web.context.request.async.WebAsyncManagerIntegrationFilter@6fcc0a1, org.springframework.security.web.context.SecurityContextPersistenceFilter@5e80d5, org.springframework.security.web.header.HeaderWriterFilter@4ec27c4c, org.springframework.security.web.csrf.CsrfFilter@53e82089, org.springframework.security.web.authentication.logout.LogoutFilter@1eabfad5, org.springframework.security.web.authentication.UsernamePasswordAuthenticationFilter@4148ce43, org.springframework.security.web.authentication.ui.DefaultLoginPageGeneratingFilter@6a878778, org.springframework.security.web.authentication.ui.DefaultLogoutPageGeneratingFilter@416b681c, org.springframework.security.web.authentication.www.BasicAuthenticationFilter@46fb9581, org.springframework.security.web.savedrequest.RequestCacheAwareFilter@257b3561, org.springframework.security.web.servletapi.SecurityContextHolderAwareRequestFilter@78861d9e, org.springframework.security.web.authentication.AnonymousAuthenticationFilter@46d69ca4, org.springframework.security.web.session.SessionManagementFilter@12200670, org.springframework.security.web.access.ExceptionTranslationFilter@66a8751a, org.springframework.security.web.access.intercept.FilterSecurityInterceptor@6614289a]
2019-05-10 17:54:40 [main] INFO  o.s.b.t.m.w.SpringBootMockServletContext - Initializing Spring TestDispatcherServlet ''
2019-05-10 17:54:40 [main] INFO  o.s.t.w.s.TestDispatcherServlet - Initializing Servlet ''
2019-05-10 17:54:40 [main] INFO  o.s.t.w.s.TestDispatcherServlet - Completed initialization in 113 ms
2019-05-10 17:54:40 [main] INFO  com.eluo.HomeControllerTest - Started HomeControllerTest in 4.049 seconds (JVM running for 27.478)
2019-05-10 17:54:40 [main] INFO  com.eluo.controller.HomeController - called /home/mypage
2019-05-10 17:54:40 [main] INFO  com.eluo.controller.HomeController - called /home/mypage
2019-05-10 17:54:40 [main] INFO  com.eluo.controller.HomeController - called /home/mypage
2019-05-10 17:54:40 [main] INFO  com.eluo.controller.HomeController - called /home/mypage
2019-05-10 17:54:40 [main] INFO  com.eluo.controller.HomeController - called /home/mypage
2019-05-10 17:54:40 [main] DEBUG com.eluo.controller.HomeController - called debug /home/mypage
2019-05-10 17:54:41 [main] INFO  com.eluo.controller.HomeController - called /home/hello
2019-05-10 17:54:41 [main] INFO  com.eluo.controller.HomeController - called /home/hello
2019-05-10 17:54:41 [main] INFO  com.eluo.controller.HomeController - called /home/hello
2019-05-10 17:54:41 [main] INFO  com.eluo.controller.HomeController - called /home/hello
2019-05-10 17:54:41 [main] INFO  com.eluo.controller.HomeController - called /home/hello
2019-05-10 17:54:41 [main] DEBUG com.eluo.controller.HomeController - called debug /home/hello
2019-05-10 17:54:41 [main] INFO  o.s.b.t.c.SpringBootTestContextBootstrapper - Neither @ContextConfiguration nor @ContextHierarchy found for test class [com.eluo.UserServiceTest], using SpringBootContextLoader
2019-05-10 17:54:41 [main] INFO  o.s.t.c.s.AbstractContextLoader - Could not detect default resource locations for test class [com.eluo.UserServiceTest]: no resource found for suffixes {-context.xml, Context.groovy}.
2019-05-10 17:54:41 [main] INFO  o.s.t.c.s.AnnotationConfigContextLoaderUtils - Could not detect default configuration classes for test class [com.eluo.UserServiceTest]: UserServiceTest does not declare any static, non-private, non-final, nested classes annotated with @Configuration.
2019-05-10 17:54:41 [main] INFO  o.s.b.t.c.SpringBootTestContextBootstrapper - Found @SpringBootConfiguration com.eluo.EluoSpringBootApplication for test class com.eluo.UserServiceTest
2019-05-10 17:54:41 [main] INFO  o.s.b.t.c.SpringBootTestContextBootstrapper - Loaded default TestExecutionListener class names from location [META-INF/spring.factories]: [org.springframework.boot.test.mock.mockito.MockitoTestExecutionListener, org.springframework.boot.test.mock.mockito.ResetMocksTestExecutionListener, org.springframework.boot.test.autoconfigure.restdocs.RestDocsTestExecutionListener, org.springframework.boot.test.autoconfigure.web.client.MockRestServiceServerResetTestExecutionListener, org.springframework.boot.test.autoconfigure.web.servlet.MockMvcPrintOnlyOnFailureTestExecutionListener, org.springframework.boot.test.autoconfigure.web.servlet.WebDriverTestExecutionListener, org.springframework.test.context.web.ServletTestExecutionListener, org.springframework.test.context.support.DirtiesContextBeforeModesTestExecutionListener, org.springframework.test.context.support.DependencyInjectionTestExecutionListener, org.springframework.test.context.support.DirtiesContextTestExecutionListener, org.springframework.test.context.transaction.TransactionalTestExecutionListener, org.springframework.test.context.jdbc.SqlScriptsTestExecutionListener, org.springframework.security.test.context.support.WithSecurityContextTestExecutionListener, org.springframework.security.test.context.support.ReactorContextTestExecutionListener]
2019-05-10 17:54:41 [main] INFO  o.s.b.t.c.SpringBootTestContextBootstrapper - Using TestExecutionListeners: [org.springframework.test.context.web.ServletTestExecutionListener@206bd7a0, org.springframework.test.context.support.DirtiesContextBeforeModesTestExecutionListener@79fcd194, org.springframework.boot.test.mock.mockito.MockitoTestExecutionListener@73d8c8d7, org.springframework.boot.test.autoconfigure.SpringBootDependencyInjectionTestExecutionListener@361b3ca6, org.springframework.test.context.support.DirtiesContextTestExecutionListener@48333b12, org.springframework.test.context.transaction.TransactionalTestExecutionListener@575c23f1, org.springframework.test.context.jdbc.SqlScriptsTestExecutionListener@62f7d7bd, org.springframework.security.test.context.support.WithSecurityContextTestExecutionListener@de63949, org.springframework.security.test.context.support.ReactorContextTestExecutionListener@5c5c784c, org.springframework.boot.test.mock.mockito.ResetMocksTestExecutionListener@6a299b9d, org.springframework.boot.test.autoconfigure.restdocs.RestDocsTestExecutionListener@363fe35a, org.springframework.boot.test.autoconfigure.web.client.MockRestServiceServerResetTestExecutionListener@a2fb8a5, org.springframework.boot.test.autoconfigure.web.servlet.MockMvcPrintOnlyOnFailureTestExecutionListener@350e3fb4, org.springframework.boot.test.autoconfigure.web.servlet.WebDriverTestExecutionListener@13ddaffb]
2019-05-10 17:54:41 [main] INFO  o.s.t.c.t.TransactionContext - Began transaction (1) for test context [DefaultTestContext@76d0a290 testClass = UserServiceTest, testInstance = com.eluo.UserServiceTest@ea84346, testMethod = selectListUser@UserServiceTest, testException = [null], mergedContextConfiguration = [WebMergedContextConfiguration@4e614370 testClass = UserServiceTest, locations = '{}', classes = '{class com.eluo.EluoSpringBootApplication}', contextInitializerClasses = '[]', activeProfiles = '{}', propertySourceLocations = '{}', propertySourceProperties = '{org.springframework.boot.test.context.SpringBootTestContextBootstrapper=true}', contextCustomizers = set[org.springframework.boot.test.context.filter.ExcludeFilterContextCustomizer@3578436e, org.springframework.boot.test.json.DuplicateJsonObjectContextCustomizerFactory$DuplicateJsonObjectContextCustomizer@10a035a0, org.springframework.boot.test.mock.mockito.MockitoContextCustomizer@0, org.springframework.boot.test.web.client.TestRestTemplateContextCustomizer@5d11346a, org.springframework.boot.test.autoconfigure.properties.PropertyMappingContextCustomizer@0, org.springframework.boot.test.autoconfigure.web.servlet.WebDriverContextCustomizerFactory$Customizer@16022d9d], resourceBasePath = 'src/main/webapp', contextLoader = 'org.springframework.boot.test.context.SpringBootContextLoader', parent = [null]], attributes = map['org.springframework.test.context.web.ServletTestExecutionListener.activateListener' -> true, 'org.springframework.test.context.web.ServletTestExecutionListener.populatedRequestContextHolder' -> true, 'org.springframework.test.context.web.ServletTestExecutionListener.resetRequestContextHolder' -> true]]; transaction manager [org.springframework.orm.jpa.JpaTransactionManager@598778cc]; rollback [true]
2019-05-10 17:54:41 [main] DEBUG c.e.s.m.UserMapper.selectListUser - ==>  Preparing: SELECT idx, userid, passwd, usernm, tel, email, reg_date FROM tb_user 
2019-05-10 17:54:41 [main] DEBUG c.e.s.m.UserMapper.selectListUser - ==> Parameters: 
2019-05-10 17:54:41 [main] DEBUG c.e.s.m.UserMapper.selectListUser - <==      Total: 1
2019-05-10 17:54:41 [main] INFO  o.s.t.c.t.TransactionContext - Rolled back transaction for test: [DefaultTestContext@76d0a290 testClass = UserServiceTest, testInstance = com.eluo.UserServiceTest@ea84346, testMethod = selectListUser@UserServiceTest, testException = [null], mergedContextConfiguration = [WebMergedContextConfiguration@4e614370 testClass = UserServiceTest, locations = '{}', classes = '{class com.eluo.EluoSpringBootApplication}', contextInitializerClasses = '[]', activeProfiles = '{}', propertySourceLocations = '{}', propertySourceProperties = '{org.springframework.boot.test.context.SpringBootTestContextBootstrapper=true}', contextCustomizers = set[org.springframework.boot.test.context.filter.ExcludeFilterContextCustomizer@3578436e, org.springframework.boot.test.json.DuplicateJsonObjectContextCustomizerFactory$DuplicateJsonObjectContextCustomizer@10a035a0, org.springframework.boot.test.mock.mockito.MockitoContextCustomizer@0, org.springframework.boot.test.web.client.TestRestTemplateContextCustomizer@5d11346a, org.springframework.boot.test.autoconfigure.properties.PropertyMappingContextCustomizer@0, org.springframework.boot.test.autoconfigure.web.servlet.WebDriverContextCustomizerFactory$Customizer@16022d9d], resourceBasePath = 'src/main/webapp', contextLoader = 'org.springframework.boot.test.context.SpringBootContextLoader', parent = [null]], attributes = map['org.springframework.test.context.web.ServletTestExecutionListener.activateListener' -> true, 'org.springframework.test.context.web.ServletTestExecutionListener.populatedRequestContextHolder' -> true, 'org.springframework.test.context.web.ServletTestExecutionListener.resetRequestContextHolder' -> true]]
2019-05-10 17:54:45 [Thread-4] INFO  o.s.s.c.ThreadPoolTaskExecutor - Shutting down ExecutorService 'applicationTaskExecutor'
2019-05-10 17:54:45 [Thread-2] INFO  o.s.s.c.ThreadPoolTaskExecutor - Shutting down ExecutorService 'applicationTaskExecutor'
2019-05-10 17:54:45 [Thread-2] INFO  o.s.o.j.LocalContainerEntityManagerFactoryBean - Closing JPA EntityManagerFactory for persistence unit 'default'
2019-05-10 17:54:45 [Thread-2] INFO  com.zaxxer.hikari.HikariDataSource - HikariPool-1 - Shutdown initiated...
2019-05-10 17:54:45 [Thread-2] INFO  com.zaxxer.hikari.HikariDataSource - HikariPool-1 - Shutdown completed.
2019-05-10 17:59:31 [main] INFO  c.e.EluoSpringBootApplicationTests - Starting EluoSpringBootApplicationTests on DESKTOP-84J9D0E with PID 17620 (started by ELUO in C:\dev\eclipse\workspace_2018-12\eluo-spring-boot)
2019-05-10 17:59:31 [main] DEBUG c.e.EluoSpringBootApplicationTests - Running with Spring Boot v2.1.4.RELEASE, Spring v5.1.6.RELEASE
2019-05-10 17:59:31 [main] INFO  c.e.EluoSpringBootApplicationTests - The following profiles are active: test
2019-05-10 17:59:34 [main] INFO  o.s.d.r.c.RepositoryConfigurationDelegate - Bootstrapping Spring Data repositories in DEFAULT mode.
2019-05-10 17:59:34 [main] INFO  o.s.d.r.c.RepositoryConfigurationDelegate - Finished Spring Data repository scanning in 237ms. Found 1 repository interfaces.
2019-05-10 17:59:36 [main] INFO  o.s.c.s.PostProcessorRegistrationDelegate$BeanPostProcessorChecker - Bean 'org.springframework.transaction.annotation.ProxyTransactionManagementConfiguration' of type [org.springframework.transaction.annotation.ProxyTransactionManagementConfiguration$$EnhancerBySpringCGLIB$$4e928389] is not eligible for getting processed by all BeanPostProcessors (for example: not eligible for auto-proxying)
2019-05-10 17:59:37 [main] INFO  com.zaxxer.hikari.HikariDataSource - HikariPool-1 - Starting...
2019-05-10 17:59:40 [main] INFO  com.zaxxer.hikari.HikariDataSource - HikariPool-1 - Start completed.
2019-05-10 17:59:40 [main] INFO  o.h.jpa.internal.util.LogHelper - HHH000204: Processing PersistenceUnitInfo [
	name: default
	...]
2019-05-10 17:59:41 [main] INFO  org.hibernate.Version - HHH000412: Hibernate Core {5.3.9.Final}
2019-05-10 17:59:41 [main] INFO  org.hibernate.cfg.Environment - HHH000206: hibernate.properties not found
2019-05-10 17:59:41 [main] INFO  o.h.annotations.common.Version - HCANN000001: Hibernate Commons Annotations {5.0.4.Final}
2019-05-10 17:59:42 [main] INFO  org.hibernate.dialect.Dialect - HHH000400: Using dialect: org.hibernate.dialect.MySQL5Dialect
2019-05-10 17:59:42 [main] INFO  o.h.e.j.e.i.LobCreatorBuilderImpl - HHH000421: Disabling contextual LOB creation as hibernate.jdbc.lob.non_contextual_creation is true
2019-05-10 17:59:43 [main] INFO  o.s.o.j.LocalContainerEntityManagerFactoryBean - Initialized JPA EntityManagerFactory for persistence unit 'default'
2019-05-10 17:59:47 [main] INFO  o.s.s.c.ThreadPoolTaskExecutor - Initializing ExecutorService 'applicationTaskExecutor'
2019-05-10 17:59:48 [main] WARN  o.s.b.a.o.j.JpaBaseConfiguration$JpaWebConfiguration$JpaWebMvcConfiguration - spring.jpa.open-in-view is enabled by default. Therefore, database queries may be performed during view rendering. Explicitly configure spring.jpa.open-in-view to disable this warning
2019-05-10 17:59:49 [main] INFO  o.s.b.a.w.s.WelcomePageHandlerMapping - Adding welcome page template: index
2019-05-10 17:59:52 [main] INFO  o.s.s.w.DefaultSecurityFilterChain - Creating filter chain: any request, [org.springframework.security.web.context.request.async.WebAsyncManagerIntegrationFilter@11bfd751, org.springframework.security.web.context.SecurityContextPersistenceFilter@24018c8b, org.springframework.security.web.header.HeaderWriterFilter@4fdac2a7, org.springframework.security.web.csrf.CsrfFilter@6de33fde, org.springframework.security.web.authentication.logout.LogoutFilter@67e11bda, org.springframework.security.web.authentication.UsernamePasswordAuthenticationFilter@1d622556, org.springframework.security.web.authentication.ui.DefaultLoginPageGeneratingFilter@1fa98a22, org.springframework.security.web.authentication.ui.DefaultLogoutPageGeneratingFilter@29519337, org.springframework.security.web.authentication.www.BasicAuthenticationFilter@eb1d475, org.springframework.security.web.savedrequest.RequestCacheAwareFilter@3dc55719, org.springframework.security.web.servletapi.SecurityContextHolderAwareRequestFilter@6ae42248, org.springframework.security.web.authentication.AnonymousAuthenticationFilter@2152fde5, org.springframework.security.web.session.SessionManagementFilter@70c31b17, org.springframework.security.web.access.ExceptionTranslationFilter@5072e638, org.springframework.security.web.access.intercept.FilterSecurityInterceptor@7c8df667]
2019-05-10 17:59:52 [main] INFO  c.e.EluoSpringBootApplicationTests - Started EluoSpringBootApplicationTests in 22.183 seconds (JVM running for 24.387)
2019-05-10 17:59:52 [main] INFO  o.s.b.t.a.w.s.WebMvcTestContextBootstrapper - Neither @ContextConfiguration nor @ContextHierarchy found for test class [com.eluo.HomeControllerTest], using SpringBootContextLoader
2019-05-10 17:59:52 [main] INFO  o.s.t.c.s.AbstractContextLoader - Could not detect default resource locations for test class [com.eluo.HomeControllerTest]: no resource found for suffixes {-context.xml, Context.groovy}.
2019-05-10 17:59:52 [main] INFO  o.s.t.c.s.AnnotationConfigContextLoaderUtils - Could not detect default configuration classes for test class [com.eluo.HomeControllerTest]: HomeControllerTest does not declare any static, non-private, non-final, nested classes annotated with @Configuration.
2019-05-10 17:59:53 [main] INFO  o.s.b.t.c.SpringBootTestContextBootstrapper - Found @SpringBootConfiguration com.eluo.EluoSpringBootApplication for test class com.eluo.HomeControllerTest
2019-05-10 17:59:53 [main] INFO  o.s.b.t.a.w.s.WebMvcTestContextBootstrapper - Loaded default TestExecutionListener class names from location [META-INF/spring.factories]: [org.springframework.boot.test.mock.mockito.MockitoTestExecutionListener, org.springframework.boot.test.mock.mockito.ResetMocksTestExecutionListener, org.springframework.boot.test.autoconfigure.restdocs.RestDocsTestExecutionListener, org.springframework.boot.test.autoconfigure.web.client.MockRestServiceServerResetTestExecutionListener, org.springframework.boot.test.autoconfigure.web.servlet.MockMvcPrintOnlyOnFailureTestExecutionListener, org.springframework.boot.test.autoconfigure.web.servlet.WebDriverTestExecutionListener, org.springframework.test.context.web.ServletTestExecutionListener, org.springframework.test.context.support.DirtiesContextBeforeModesTestExecutionListener, org.springframework.test.context.support.DependencyInjectionTestExecutionListener, org.springframework.test.context.support.DirtiesContextTestExecutionListener, org.springframework.test.context.transaction.TransactionalTestExecutionListener, org.springframework.test.context.jdbc.SqlScriptsTestExecutionListener, org.springframework.security.test.context.support.WithSecurityContextTestExecutionListener, org.springframework.security.test.context.support.ReactorContextTestExecutionListener]
2019-05-10 17:59:53 [main] INFO  o.s.b.t.a.w.s.WebMvcTestContextBootstrapper - Using TestExecutionListeners: [org.springframework.test.context.web.ServletTestExecutionListener@26495639, org.springframework.test.context.support.DirtiesContextBeforeModesTestExecutionListener@45c408a4, org.springframework.boot.test.mock.mockito.MockitoTestExecutionListener@369a95a5, org.springframework.boot.test.autoconfigure.SpringBootDependencyInjectionTestExecutionListener@543da15, org.springframework.test.context.support.DirtiesContextTestExecutionListener@69d7bc1a, org.springframework.test.context.transaction.TransactionalTestExecutionListener@cb318ac, org.springframework.test.context.jdbc.SqlScriptsTestExecutionListener@6e668322, org.springframework.security.test.context.support.WithSecurityContextTestExecutionListener@75ee6f89, org.springframework.security.test.context.support.ReactorContextTestExecutionListener@210d3a42, org.springframework.boot.test.mock.mockito.ResetMocksTestExecutionListener@356f20b7, org.springframework.boot.test.autoconfigure.restdocs.RestDocsTestExecutionListener@6f4adaab, org.springframework.boot.test.autoconfigure.web.client.MockRestServiceServerResetTestExecutionListener@69de72ec, org.springframework.boot.test.autoconfigure.web.servlet.MockMvcPrintOnlyOnFailureTestExecutionListener@21c99abf, org.springframework.boot.test.autoconfigure.web.servlet.WebDriverTestExecutionListener@6d6f6ca9]
2019-05-10 17:59:53 [main] INFO  com.eluo.HomeControllerTest - Starting HomeControllerTest on DESKTOP-84J9D0E with PID 17620 (started by ELUO in C:\dev\eclipse\workspace_2018-12\eluo-spring-boot)
2019-05-10 17:59:53 [main] DEBUG com.eluo.HomeControllerTest - Running with Spring Boot v2.1.4.RELEASE, Spring v5.1.6.RELEASE
2019-05-10 17:59:53 [main] INFO  com.eluo.HomeControllerTest - The following profiles are active: test
2019-05-10 17:59:54 [main] INFO  o.s.s.c.ThreadPoolTaskExecutor - Initializing ExecutorService 'applicationTaskExecutor'
2019-05-10 17:59:55 [main] INFO  o.s.b.a.w.s.WelcomePageHandlerMapping - Adding welcome page template: index
2019-05-10 17:59:55 [main] INFO  o.s.b.a.s.s.UserDetailsServiceAutoConfiguration - 

Using generated security password: 0075b823-567d-4ea8-8c0d-7b21814420a3

2019-05-10 17:59:56 [main] INFO  o.s.s.w.DefaultSecurityFilterChain - Creating filter chain: any request, [org.springframework.security.web.context.request.async.WebAsyncManagerIntegrationFilter@257b3561, org.springframework.security.web.context.SecurityContextPersistenceFilter@774c5e5c, org.springframework.security.web.header.HeaderWriterFilter@79ec57b8, org.springframework.security.web.csrf.CsrfFilter@7fbbdd8a, org.springframework.security.web.authentication.logout.LogoutFilter@40ddf339, org.springframework.security.web.authentication.UsernamePasswordAuthenticationFilter@12200670, org.springframework.security.web.authentication.ui.DefaultLoginPageGeneratingFilter@55f6f965, org.springframework.security.web.authentication.ui.DefaultLogoutPageGeneratingFilter@78861d9e, org.springframework.security.web.authentication.www.BasicAuthenticationFilter@5e80d5, org.springframework.security.web.savedrequest.RequestCacheAwareFilter@4cf01c41, org.springframework.security.web.servletapi.SecurityContextHolderAwareRequestFilter@57bac3f0, org.springframework.security.web.authentication.AnonymousAuthenticationFilter@6a878778, org.springframework.security.web.session.SessionManagementFilter@56ba8e8c, org.springframework.security.web.access.ExceptionTranslationFilter@4e9ea32f, org.springframework.security.web.access.intercept.FilterSecurityInterceptor@4ec27c4c]
2019-05-10 17:59:56 [main] INFO  o.s.b.t.m.w.SpringBootMockServletContext - Initializing Spring TestDispatcherServlet ''
2019-05-10 17:59:56 [main] INFO  o.s.t.w.s.TestDispatcherServlet - Initializing Servlet ''
2019-05-10 17:59:56 [main] INFO  o.s.t.w.s.TestDispatcherServlet - Completed initialization in 35 ms
2019-05-10 17:59:56 [main] INFO  com.eluo.HomeControllerTest - Started HomeControllerTest in 3.755 seconds (JVM running for 28.556)
2019-05-10 17:59:56 [main] INFO  com.eluo.controller.HomeController - called /home/mypage
2019-05-10 17:59:56 [main] INFO  com.eluo.controller.HomeController - called /home/mypage
2019-05-10 17:59:56 [main] INFO  com.eluo.controller.HomeController - called /home/mypage
2019-05-10 17:59:56 [main] INFO  com.eluo.controller.HomeController - called /home/mypage
2019-05-10 17:59:56 [main] INFO  com.eluo.controller.HomeController - called /home/mypage
2019-05-10 17:59:56 [main] DEBUG com.eluo.controller.HomeController - called debug /home/mypage
2019-05-10 17:59:57 [main] INFO  com.eluo.controller.HomeController - called /home/hello
2019-05-10 17:59:57 [main] INFO  com.eluo.controller.HomeController - called /home/hello
2019-05-10 17:59:57 [main] INFO  com.eluo.controller.HomeController - called /home/hello
2019-05-10 17:59:57 [main] INFO  com.eluo.controller.HomeController - called /home/hello
2019-05-10 17:59:57 [main] INFO  com.eluo.controller.HomeController - called /home/hello
2019-05-10 17:59:57 [main] DEBUG com.eluo.controller.HomeController - called debug /home/hello
2019-05-10 17:59:57 [main] INFO  o.s.b.t.c.SpringBootTestContextBootstrapper - Neither @ContextConfiguration nor @ContextHierarchy found for test class [com.eluo.UserServiceTest], using SpringBootContextLoader
2019-05-10 17:59:57 [main] INFO  o.s.t.c.s.AbstractContextLoader - Could not detect default resource locations for test class [com.eluo.UserServiceTest]: no resource found for suffixes {-context.xml, Context.groovy}.
2019-05-10 17:59:57 [main] INFO  o.s.t.c.s.AnnotationConfigContextLoaderUtils - Could not detect default configuration classes for test class [com.eluo.UserServiceTest]: UserServiceTest does not declare any static, non-private, non-final, nested classes annotated with @Configuration.
2019-05-10 17:59:57 [main] INFO  o.s.b.t.c.SpringBootTestContextBootstrapper - Found @SpringBootConfiguration com.eluo.EluoSpringBootApplication for test class com.eluo.UserServiceTest
2019-05-10 17:59:57 [main] INFO  o.s.b.t.c.SpringBootTestContextBootstrapper - Loaded default TestExecutionListener class names from location [META-INF/spring.factories]: [org.springframework.boot.test.mock.mockito.MockitoTestExecutionListener, org.springframework.boot.test.mock.mockito.ResetMocksTestExecutionListener, org.springframework.boot.test.autoconfigure.restdocs.RestDocsTestExecutionListener, org.springframework.boot.test.autoconfigure.web.client.MockRestServiceServerResetTestExecutionListener, org.springframework.boot.test.autoconfigure.web.servlet.MockMvcPrintOnlyOnFailureTestExecutionListener, org.springframework.boot.test.autoconfigure.web.servlet.WebDriverTestExecutionListener, org.springframework.test.context.web.ServletTestExecutionListener, org.springframework.test.context.support.DirtiesContextBeforeModesTestExecutionListener, org.springframework.test.context.support.DependencyInjectionTestExecutionListener, org.springframework.test.context.support.DirtiesContextTestExecutionListener, org.springframework.test.context.transaction.TransactionalTestExecutionListener, org.springframework.test.context.jdbc.SqlScriptsTestExecutionListener, org.springframework.security.test.context.support.WithSecurityContextTestExecutionListener, org.springframework.security.test.context.support.ReactorContextTestExecutionListener]
2019-05-10 17:59:57 [main] INFO  o.s.b.t.c.SpringBootTestContextBootstrapper - Using TestExecutionListeners: [org.springframework.test.context.web.ServletTestExecutionListener@4be7acd9, org.springframework.test.context.support.DirtiesContextBeforeModesTestExecutionListener@58afecfd, org.springframework.boot.test.mock.mockito.MockitoTestExecutionListener@4d79d187, org.springframework.boot.test.autoconfigure.SpringBootDependencyInjectionTestExecutionListener@3e63bd6b, org.springframework.test.context.support.DirtiesContextTestExecutionListener@48144f1a, org.springframework.test.context.transaction.TransactionalTestExecutionListener@6f7b8ae1, org.springframework.test.context.jdbc.SqlScriptsTestExecutionListener@6c8d8b60, org.springframework.security.test.context.support.WithSecurityContextTestExecutionListener@4fa6fb7f, org.springframework.security.test.context.support.ReactorContextTestExecutionListener@2520010e, org.springframework.boot.test.mock.mockito.ResetMocksTestExecutionListener@163fbbc9, org.springframework.boot.test.autoconfigure.restdocs.RestDocsTestExecutionListener@1669f4e5, org.springframework.boot.test.autoconfigure.web.client.MockRestServiceServerResetTestExecutionListener@6e6c8854, org.springframework.boot.test.autoconfigure.web.servlet.MockMvcPrintOnlyOnFailureTestExecutionListener@4be1dce6, org.springframework.boot.test.autoconfigure.web.servlet.WebDriverTestExecutionListener@206bd7a0]
2019-05-10 17:59:57 [main] INFO  o.s.t.c.t.TransactionContext - Began transaction (1) for test context [DefaultTestContext@10ba9780 testClass = UserServiceTest, testInstance = com.eluo.UserServiceTest@63636de0, testMethod = selectListUser@UserServiceTest, testException = [null], mergedContextConfiguration = [WebMergedContextConfiguration@3494a35e testClass = UserServiceTest, locations = '{}', classes = '{class com.eluo.EluoSpringBootApplication}', contextInitializerClasses = '[]', activeProfiles = '{}', propertySourceLocations = '{}', propertySourceProperties = '{org.springframework.boot.test.context.SpringBootTestContextBootstrapper=true}', contextCustomizers = set[org.springframework.boot.test.context.filter.ExcludeFilterContextCustomizer@3578436e, org.springframework.boot.test.json.DuplicateJsonObjectContextCustomizerFactory$DuplicateJsonObjectContextCustomizer@10a035a0, org.springframework.boot.test.mock.mockito.MockitoContextCustomizer@0, org.springframework.boot.test.web.client.TestRestTemplateContextCustomizer@5d11346a, org.springframework.boot.test.autoconfigure.properties.PropertyMappingContextCustomizer@0, org.springframework.boot.test.autoconfigure.web.servlet.WebDriverContextCustomizerFactory$Customizer@16022d9d], resourceBasePath = 'src/main/webapp', contextLoader = 'org.springframework.boot.test.context.SpringBootContextLoader', parent = [null]], attributes = map['org.springframework.test.context.web.ServletTestExecutionListener.activateListener' -> true, 'org.springframework.test.context.web.ServletTestExecutionListener.populatedRequestContextHolder' -> true, 'org.springframework.test.context.web.ServletTestExecutionListener.resetRequestContextHolder' -> true]]; transaction manager [org.springframework.orm.jpa.JpaTransactionManager@70c205bf]; rollback [true]
2019-05-10 17:59:58 [main] DEBUG c.e.s.m.UserMapper.selectListUser - ==>  Preparing: SELECT idx, userid, passwd, usernm, tel, email, reg_date FROM tb_user 
2019-05-10 17:59:58 [main] DEBUG c.e.s.m.UserMapper.selectListUser - ==> Parameters: 
2019-05-10 17:59:58 [main] DEBUG c.e.s.m.UserMapper.selectListUser - <==      Total: 1
2019-05-10 17:59:58 [main] INFO  o.s.t.c.t.TransactionContext - Rolled back transaction for test: [DefaultTestContext@10ba9780 testClass = UserServiceTest, testInstance = com.eluo.UserServiceTest@63636de0, testMethod = selectListUser@UserServiceTest, testException = [null], mergedContextConfiguration = [WebMergedContextConfiguration@3494a35e testClass = UserServiceTest, locations = '{}', classes = '{class com.eluo.EluoSpringBootApplication}', contextInitializerClasses = '[]', activeProfiles = '{}', propertySourceLocations = '{}', propertySourceProperties = '{org.springframework.boot.test.context.SpringBootTestContextBootstrapper=true}', contextCustomizers = set[org.springframework.boot.test.context.filter.ExcludeFilterContextCustomizer@3578436e, org.springframework.boot.test.json.DuplicateJsonObjectContextCustomizerFactory$DuplicateJsonObjectContextCustomizer@10a035a0, org.springframework.boot.test.mock.mockito.MockitoContextCustomizer@0, org.springframework.boot.test.web.client.TestRestTemplateContextCustomizer@5d11346a, org.springframework.boot.test.autoconfigure.properties.PropertyMappingContextCustomizer@0, org.springframework.boot.test.autoconfigure.web.servlet.WebDriverContextCustomizerFactory$Customizer@16022d9d], resourceBasePath = 'src/main/webapp', contextLoader = 'org.springframework.boot.test.context.SpringBootContextLoader', parent = [null]], attributes = map['org.springframework.test.context.web.ServletTestExecutionListener.activateListener' -> true, 'org.springframework.test.context.web.ServletTestExecutionListener.populatedRequestContextHolder' -> true, 'org.springframework.test.context.web.ServletTestExecutionListener.resetRequestContextHolder' -> true]]
2019-05-10 18:00:02 [Thread-4] INFO  o.s.s.c.ThreadPoolTaskExecutor - Shutting down ExecutorService 'applicationTaskExecutor'
2019-05-10 18:00:02 [Thread-2] INFO  o.s.s.c.ThreadPoolTaskExecutor - Shutting down ExecutorService 'applicationTaskExecutor'
2019-05-10 18:00:02 [Thread-2] INFO  o.s.o.j.LocalContainerEntityManagerFactoryBean - Closing JPA EntityManagerFactory for persistence unit 'default'
2019-05-10 18:00:02 [Thread-2] INFO  com.zaxxer.hikari.HikariDataSource - HikariPool-1 - Shutdown initiated...
2019-05-10 18:00:02 [Thread-2] INFO  com.zaxxer.hikari.HikariDataSource - HikariPool-1 - Shutdown completed.
2019-05-10 18:02:40 [RMI TCP Connection(16)-127.0.0.1] INFO  o.s.b.a.SpringApplicationAdminMXBeanRegistrar$SpringApplicationAdmin - Application shutdown requested.
2019-05-10 18:02:40 [RMI TCP Connection(16)-127.0.0.1] INFO  o.s.s.c.ThreadPoolTaskExecutor - Shutting down ExecutorService 'applicationTaskExecutor'
2019-05-10 18:02:40 [RMI TCP Connection(16)-127.0.0.1] INFO  o.s.o.j.LocalContainerEntityManagerFactoryBean - Closing JPA EntityManagerFactory for persistence unit 'default'
2019-05-10 18:02:40 [RMI TCP Connection(16)-127.0.0.1] INFO  com.zaxxer.hikari.HikariDataSource - HikariPool-1 - Shutdown initiated...
2019-05-10 18:02:40 [HikariPool-1 connection closer] INFO  jdbc.connection - 1. Connection closed
2019-05-10 18:02:40 [HikariPool-1 connection closer] INFO  jdbc.connection - 2. Connection closed
2019-05-10 18:02:40 [HikariPool-1 connection closer] INFO  jdbc.connection - 3. Connection closed
2019-05-10 18:02:40 [HikariPool-1 connection closer] INFO  jdbc.connection - 4. Connection closed
2019-05-10 18:02:40 [HikariPool-1 connection closer] INFO  jdbc.connection - 5. Connection closed
2019-05-10 18:02:40 [HikariPool-1 connection closer] INFO  jdbc.connection - 6. Connection closed
2019-05-10 18:02:40 [HikariPool-1 connection closer] INFO  jdbc.connection - 7. Connection closed
2019-05-10 18:02:40 [HikariPool-1 connection closer] INFO  jdbc.connection - 8. Connection closed
2019-05-10 18:02:40 [HikariPool-1 connection closer] INFO  jdbc.connection - 9. Connection closed
2019-05-10 18:02:40 [HikariPool-1 connection closer] INFO  jdbc.connection - 10. Connection closed
2019-05-10 18:02:40 [RMI TCP Connection(16)-127.0.0.1] INFO  com.zaxxer.hikari.HikariDataSource - HikariPool-1 - Shutdown completed.
